1723265194940	geckodriver	INFO	Listening on 127.0.0.1:49423
1723265197934	mozrunner::runner	INFO	Running command: "C:\\Program Files\\Mozilla Firefox\\firefox.exe" "--marionette" "--remote-debugging-port" "49424" "--remote-allow-hosts" "localhost" "-no-remote" "-profile" "C:\\Users\\osori\\AppData\\Local\\Temp\\rust_mozprofileZaebCN"
console.warn: services.settings: Ignoring preference override of remote settings server
console.warn: services.settings: Allow by setting MOZ_REMOTE_SETTINGS_DEVTOOLS=1 in the environment
Dynamically enable window occlusion 0
1723265198515	Marionette	INFO	Marionette enabled
1723265203053	Marionette	INFO	Listening on port 49435
WebDriver BiDi listening on ws://127.0.0.1:49424
Read port: 49435
1723265203873	RemoteAgent	WARN	TLS certificate errors will be ignored for this session
console.warn: LoginRecipes: "Falling back to a synchronous message for: https://accounts.google.com."
JavaScript warning: https://www.gstatic.com/_/mss/boq-identity/_/js/k=boq-identity.AccountsSignInUi.es.h-OHA1NAC2s.es5.O/ck=boq-identity.AccountsSignInUi.3xYxLLRe4I0.L.F4.O/am=gD4Yg9E0gEA8nAM9oCgQMgAAAAAAAAAAYAMAgJgB/d=1/exm=AvtSve,CMcBD,E87wgc,EFQ78c,EIOG1e,Fndnac,GwYlN,I6YDgd,IZT63,K0PMbc,K1ZKnb,KUM7Z,L1AAkb,L9OGUe,LDQI,LEikZe,MY7mZe,MpJwZc,NOeYWe,NTMZac,O6y8ed,PHUIyb,PrPYRd,Rkm0ef,SCuOPb,SD8Jgb,STuCOe,SpsfSb,Tbb4sb,UUJqVe,Uas9Hd,WpP9Yc,XVq9Qb,YHI3We,YTxL4,YgOFye,ZakeSe,_b,_tp,aC1iue,aW3pY,b3kMqb,bSspM,bTi8wc,byfTOb,cYShmd,eS2ylb,eVCnO,f8Gu1e,gJzDyc,hc6Ubd,inNHtf,iyZMqd,lsjVmc,ltDFwf,lwddkf,m9oV,mvkUhe,mzzZzc,n73qwf,njlZCf,oLggrd,pxq3x,qPYxq,qPfo0c,qmdT9,rCcCxc,rmumx,siKnQd,soHxf,t2srLd,tUnxGc,vHEMJe,vfuNJf,vjKJJ,vvMGie,ws9Tlc,xBaz7b,xQtZb,xiZRqc,y5vRwf,yRXbo,ywOR5c,z0u0L,zbML3c,ziZ8Mc,zr1jrb,zy0vNb/excm=_b,_tp,identifierview/ed=1/wt=2/ujg=1/rs=AOaEmlET0yOTISEBvIC2gjNstUVB9TSKPg/ee=ASJRFf:DAnQ7e;Al0B8:kibjWe;DaIJ8c:iAskyc;EVNhjf:pw70Gc;EkYFhd:GwYlN;EmZ2Bf:zr1jrb;Erl4fe:FloWmf;JsbNhc:Xd8iUd;LBgRLc:XVMNvd;Me32dd:MEeYgc;NPKaK:PVlQOd;NSEoX:lazG7b;Oj465e:KG2eXe;Pjplud:EEDORb;QGR0gd:Mlhmy;SMDL4c:K0PMbc;SNUn3:ZwDk9d;UpnZUd:nnwwYc;XdiAjb:NLiXbe;a56pNe:JEfCwb;cEt90b:ws9Tlc;dIoSBb:SpsfSb;eBAeSb:zbML3c;iFQyKf:vfuNJf;io8t5d:yDVVkb;kMFpHd:OTA3Ae;nAFL3:NTMZac;nTuGK:JKNPM;oGtAuc:sOXFj;oSUNyd:K0PMbc;oXZmbc:tUnxGc;pXdRYb:L9OGUe;qddgKe:xQtZb;sP4Vbe:VwDzFe;uY49fb:COQbmf;ul9GGd:VDovNc;vNjB7d:YTxL4;wR5FRb:siKnQd;yxTchf:KUM7Z/m=RqjULd, line 14: Script terminated by timeout at:
Bw@https://www.gstatic.com/_/mss/boq-identity/_/js/k=boq-identity.AccountsSignInUi.es.h-OHA1NAC2s.es5.O/ck=boq-identity.AccountsSignInUi.3xYxLLRe4I0.L.F4.O/am=gD4Yg9E0gEA8nAM9oCgQMgAAAAAAAAAAYAMAgJgB/d=1/exm=AvtSve,CMcBD,E87wgc,EFQ78c,EIOG1e,Fndnac,GwYlN,I6YDgd,IZT63,K0PMbc,K1ZKnb,KUM7Z,L1AAkb,L9OGUe,LDQI,LEikZe,MY7mZe,MpJwZc,NOeYWe,NTMZac,O6y8ed,PHUIyb,PrPYRd,Rkm0ef,SCuOPb,SD8Jgb,STuCOe,SpsfSb,Tbb4sb,UUJqVe,Uas9Hd,WpP9Yc,XVq9Qb,YHI3We,YTxL4,YgOFye,ZakeSe,_b,_tp,aC1iue,aW3pY,b3kMqb,bSspM,bTi8wc,byfTOb,cYShmd,eS2ylb,eVCnO,f8Gu1e,gJzDyc,hc6Ubd,inNHtf,iyZMqd,lsjVmc,ltDFwf,lwddkf,m9oV,mvkUhe,mzzZzc,n73qwf,njlZCf,oLggrd,pxq3x,qPYxq,qPfo0c,qmdT9,rCcCxc,rmumx,siKnQd,soHxf,t2srLd,tUnxGc,vHEMJe,vfuNJf,vjKJJ,vvMGie,ws9Tlc,xBaz7b,xQtZb,xiZRqc,y5vRwf,yRXbo,ywOR5c,z0u0L,zbML3c,ziZ8Mc,zr1jrb,zy0vNb/excm=_b,_tp,identifierview/ed=1/wt=2/ujg=1/rs=AOaEmlET0yOTISEBvIC2gjNstUVB9TSKPg/ee=ASJRFf:DAnQ7e;Al0B8:kibjWe;DaIJ8c:iAskyc;EVNhjf:pw70Gc;EkYFhd:GwYlN;EmZ2Bf:zr1jrb;Erl4fe:FloWmf;JsbNhc:Xd8iUd;LBgRLc:XVMNvd;Me32dd:MEeYgc;NPKaK:PVlQOd;NSEoX:lazG7b;Oj465e:KG2eXe;Pjplud:EEDORb;QGR0gd:Mlhmy;SMDL4c:K0PMbc;SNUn3:ZwDk9d;UpnZUd:nnwwYc;XdiAjb:NLiXbe;a56pNe:JEfCwb;cEt90b:ws9Tlc;dIoSBb:SpsfSb;eBAeSb:zbML3c;iFQyKf:vfuNJf;io8t5d:yDVVkb;kMFpHd:OTA3Ae;nAFL3:NTMZac;nTuGK:JKNPM;oGtAuc:sOXFj;oSUNyd:K0PMbc;oXZmbc:tUnxGc;pXdRYb:L9OGUe;qddgKe:xQtZb;sP4Vbe:VwDzFe;uY49fb:COQbmf;ul9GGd:VDovNc;vNjB7d:YTxL4;wR5FRb:siKnQd;yxTchf:KUM7Z/m=RqjULd:14:4012

1723265228530	addons.xpi	ERROR	System addon update list error SyntaxError: XMLHttpRequest.open: 'http://%(server)s/dummy-system-addons.xml' is not a valid URL.
console.warn: LoginRecipes: "Falling back to a synchronous message for: https://login.microsoftonline.com."
console.warn: LoginRecipes: "Falling back to a synchronous message for: https://login.microsoftonline.com."
console.warn: LoginRecipes: "Falling back to a synchronous message for: https://login.live.com."
console.warn: LoginRecipes: "Falling back to a synchronous message for: https://login.live.com."
JavaScript warning: https://logincdn.msftauth.net/shared/5/chunks/oneds-analytics-js_efec60deb08866930a01_es.js, line 2: Script terminated by timeout at:
41696/n/</n.setUnloading@https://logincdn.msftauth.net/shared/5/chunks/oneds-analytics-js_efec60deb08866930a01_es.js:2:78000
r@https://logincdn.msftauth.net/shared/5/chunks/oneds-analytics-js_efec60deb08866930a01_es.js:2:78898

1723265318243	geckodriver	INFO	Listening on 127.0.0.1:49695
1723265321301	mozrunner::runner	INFO	Running command: "C:\\Program Files\\Mozilla Firefox\\firefox.exe" "--marionette" "--remote-debugging-port" "49696" "--remote-allow-hosts" "localhost" "-no-remote" "-profile" "C:\\Users\\osori\\AppData\\Local\\Temp\\rust_mozprofileVMrGCT"
console.warn: services.settings: Ignoring preference override of remote settings server
console.warn: services.settings: Allow by setting MOZ_REMOTE_SETTINGS_DEVTOOLS=1 in the environment
Dynamically enable window occlusion 0
1723265321604	Marionette	INFO	Marionette enabled
1723265321762	Marionette	INFO	Listening on port 49704
WebDriver BiDi listening on ws://127.0.0.1:49696
Read port: 49704
1723265321930	RemoteAgent	WARN	TLS certificate errors will be ignored for this session
console.warn: LoginRecipes: "Falling back to a synchronous message for: https://login.microsoftonline.com."
console.warn: LoginRecipes: "Falling back to a synchronous message for: https://login.microsoftonline.com."
1723265351637	addons.xpi	ERROR	System addon update list error SyntaxError: XMLHttpRequest.open: 'http://%(server)s/dummy-system-addons.xml' is not a valid URL.
console.warn: LoginRecipes: "Falling back to a synchronous message for: https://login.live.com."
console.warn: LoginRecipes: "Falling back to a synchronous message for: https://login.live.com."
JavaScript warning: https://logincdn.msftauth.net/shared/5/chunks/oneds-analytics-js_efec60deb08866930a01_es.js, line 2: Script terminated by timeout at:
41696/n/</n.setUnloading@https://logincdn.msftauth.net/shared/5/chunks/oneds-analytics-js_efec60deb08866930a01_es.js:2:78000
r@https://logincdn.msftauth.net/shared/5/chunks/oneds-analytics-js_efec60deb08866930a01_es.js:2:78898

1723265424790	Marionette	INFO	Stopped listening on port 49704
Dynamically enable window occlusion 1
1723265449351	geckodriver	INFO	Listening on 127.0.0.1:49896
1723265452412	mozrunner::runner	INFO	Running command: "C:\\Program Files\\Mozilla Firefox\\firefox.exe" "--marionette" "--remote-debugging-port" "49897" "--remote-allow-hosts" "localhost" "-no-remote" "-profile" "C:\\Users\\osori\\AppData\\Local\\Temp\\rust_mozprofileZGtdx1"
console.warn: services.settings: Ignoring preference override of remote settings server
console.warn: services.settings: Allow by setting MOZ_REMOTE_SETTINGS_DEVTOOLS=1 in the environment
Dynamically enable window occlusion 0
1723265452863	Marionette	INFO	Marionette enabled
1723265453020	Marionette	INFO	Listening on port 49907
WebDriver BiDi listening on ws://127.0.0.1:49897
Read port: 49907
1723265453220	RemoteAgent	WARN	TLS certificate errors will be ignored for this session
1723265482883	addons.xpi	ERROR	System addon update list error SyntaxError: XMLHttpRequest.open: 'http://%(server)s/dummy-system-addons.xml' is not a valid URL.
console.warn: LoginRecipes: "Falling back to a synchronous message for: https://login.microsoftonline.com."
console.warn: LoginRecipes: "Falling back to a synchronous message for: https://login.microsoftonline.com."
console.warn: LoginRecipes: "Falling back to a synchronous message for: https://login.live.com."
console.warn: LoginRecipes: "Falling back to a synchronous message for: https://login.live.com."
JavaScript warning: https://logincdn.msftauth.net/shared/5/chunks/oneds-analytics-js_efec60deb08866930a01_es.js, line 2: Script terminated by timeout at:
41696/n/</n.setUnloading@https://logincdn.msftauth.net/shared/5/chunks/oneds-analytics-js_efec60deb08866930a01_es.js:2:78000
r@https://logincdn.msftauth.net/shared/5/chunks/oneds-analytics-js_efec60deb08866930a01_es.js:2:78898

console.warn: WindowsJumpLists: "Failed to fetch favicon for " "https://geovisor-igac.firebaseapp.com/__/auth/handler?code=M.C551_SN1.2.U.21043c9b-3273-8b9a-3bb6-f18c0bf1c6d5&state=AMbdmDkS7F1Fla7AsoO4vpufoT0k1xRpB6QAc5ncWgdEF18mtWx-Uux_Yrn-Ci3zbcwXHwZyz0g2AdNmPdm7zwuI_j-xuC3dNZ2OIcbzxtbFnlengPlstk0nHAAPoMbSgR4_I-bS1poCil__Mf9ctEZAQT-x4yBjvP2O3JMRzpkHKc8ddAUUHXSKiROiLehM-1wzhDd3W2vgn2Yg_xa_SvqZOeIDH6rJ3YK46zsB7N3ohlBOH0x5X8Dwof_pI7wMmeNJCD-afW8QdRKVtc3id4B4EikQEeHVsQT9MEBuN0005W9Y3axim4hDZ8LS1haeWpiN4EmQaqc0drUDQOttl7Qy0XfLcI4GQQ" ({})
console.warn: WindowsJumpLists: "Failed to fetch favicon for " "https://geovisor-igac.firebaseapp.com/__/auth/handler?apiKey=AIzaSyCLSp_Qbaohj8owxrpZxvrmxUSkVw0ukig&appName=%5BDEFAULT%5D-firebaseui-temp&authType=signInViaPopup&providerId=microsoft.com&eventId=712288098&v=7.4.0&fw=FirebaseUI-web" ({})
console.warn: WindowsJumpLists: "Failed to fetch favicon for " "https://geovisor-igac.firebaseapp.com/__/auth/handler?code=M.C551_SN1.2.U.21043c9b-3273-8b9a-3bb6-f18c0bf1c6d5&state=AMbdmDkS7F1Fla7AsoO4vpufoT0k1xRpB6QAc5ncWgdEF18mtWx-Uux_Yrn-Ci3zbcwXHwZyz0g2AdNmPdm7zwuI_j-xuC3dNZ2OIcbzxtbFnlengPlstk0nHAAPoMbSgR4_I-bS1poCil__Mf9ctEZAQT-x4yBjvP2O3JMRzpkHKc8ddAUUHXSKiROiLehM-1wzhDd3W2vgn2Yg_xa_SvqZOeIDH6rJ3YK46zsB7N3ohlBOH0x5X8Dwof_pI7wMmeNJCD-afW8QdRKVtc3id4B4EikQEeHVsQT9MEBuN0005W9Y3axim4hDZ8LS1haeWpiN4EmQaqc0drUDQOttl7Qy0XfLcI4GQQ" ({})
console.warn: WindowsJumpLists: "Failed to fetch favicon for " "https://geovisor-igac.firebaseapp.com/__/auth/handler?apiKey=AIzaSyCLSp_Qbaohj8owxrpZxvrmxUSkVw0ukig&appName=%5BDEFAULT%5D-firebaseui-temp&authType=signInViaPopup&providerId=microsoft.com&eventId=712288098&v=7.4.0&fw=FirebaseUI-web" ({})
console.warn: WindowsJumpLists: "Failed to fetch favicon for " "https://geovisor-igac.firebaseapp.com/__/auth/handler?code=M.C551_SN1.2.U.21043c9b-3273-8b9a-3bb6-f18c0bf1c6d5&state=AMbdmDkS7F1Fla7AsoO4vpufoT0k1xRpB6QAc5ncWgdEF18mtWx-Uux_Yrn-Ci3zbcwXHwZyz0g2AdNmPdm7zwuI_j-xuC3dNZ2OIcbzxtbFnlengPlstk0nHAAPoMbSgR4_I-bS1poCil__Mf9ctEZAQT-x4yBjvP2O3JMRzpkHKc8ddAUUHXSKiROiLehM-1wzhDd3W2vgn2Yg_xa_SvqZOeIDH6rJ3YK46zsB7N3ohlBOH0x5X8Dwof_pI7wMmeNJCD-afW8QdRKVtc3id4B4EikQEeHVsQT9MEBuN0005W9Y3axim4hDZ8LS1haeWpiN4EmQaqc0drUDQOttl7Qy0XfLcI4GQQ" ({})
console.warn: WindowsJumpLists: "Failed to fetch favicon for " "https://geovisor-igac.firebaseapp.com/__/auth/handler?apiKey=AIzaSyCLSp_Qbaohj8owxrpZxvrmxUSkVw0ukig&appName=%5BDEFAULT%5D-firebaseui-temp&authType=signInViaPopup&providerId=microsoft.com&eventId=712288098&v=7.4.0&fw=FirebaseUI-web" ({})
console.warn: WindowsJumpLists: "Failed to fetch favicon for " "https://geovisor-igac.firebaseapp.com/__/auth/handler?code=M.C551_SN1.2.U.21043c9b-3273-8b9a-3bb6-f18c0bf1c6d5&state=AMbdmDkS7F1Fla7AsoO4vpufoT0k1xRpB6QAc5ncWgdEF18mtWx-Uux_Yrn-Ci3zbcwXHwZyz0g2AdNmPdm7zwuI_j-xuC3dNZ2OIcbzxtbFnlengPlstk0nHAAPoMbSgR4_I-bS1poCil__Mf9ctEZAQT-x4yBjvP2O3JMRzpkHKc8ddAUUHXSKiROiLehM-1wzhDd3W2vgn2Yg_xa_SvqZOeIDH6rJ3YK46zsB7N3ohlBOH0x5X8Dwof_pI7wMmeNJCD-afW8QdRKVtc3id4B4EikQEeHVsQT9MEBuN0005W9Y3axim4hDZ8LS1haeWpiN4EmQaqc0drUDQOttl7Qy0XfLcI4GQQ" ({})
console.warn: WindowsJumpLists: "Failed to fetch favicon for " "https://geovisor-igac.firebaseapp.com/__/auth/handler?apiKey=AIzaSyCLSp_Qbaohj8owxrpZxvrmxUSkVw0ukig&appName=%5BDEFAULT%5D-firebaseui-temp&authType=signInViaPopup&providerId=microsoft.com&eventId=712288098&v=7.4.0&fw=FirebaseUI-web" ({})
console.warn: WindowsJumpLists: "Failed to fetch favicon for " "https://geovisor-igac.firebaseapp.com/__/auth/handler?code=M.C551_SN1.2.U.21043c9b-3273-8b9a-3bb6-f18c0bf1c6d5&state=AMbdmDkS7F1Fla7AsoO4vpufoT0k1xRpB6QAc5ncWgdEF18mtWx-Uux_Yrn-Ci3zbcwXHwZyz0g2AdNmPdm7zwuI_j-xuC3dNZ2OIcbzxtbFnlengPlstk0nHAAPoMbSgR4_I-bS1poCil__Mf9ctEZAQT-x4yBjvP2O3JMRzpkHKc8ddAUUHXSKiROiLehM-1wzhDd3W2vgn2Yg_xa_SvqZOeIDH6rJ3YK46zsB7N3ohlBOH0x5X8Dwof_pI7wMmeNJCD-afW8QdRKVtc3id4B4EikQEeHVsQT9MEBuN0005W9Y3axim4hDZ8LS1haeWpiN4EmQaqc0drUDQOttl7Qy0XfLcI4GQQ" ({})
console.warn: WindowsJumpLists: "Failed to fetch favicon for " "https://geovisor-igac.firebaseapp.com/__/auth/handler?apiKey=AIzaSyCLSp_Qbaohj8owxrpZxvrmxUSkVw0ukig&appName=%5BDEFAULT%5D-firebaseui-temp&authType=signInViaPopup&providerId=microsoft.com&eventId=712288098&v=7.4.0&fw=FirebaseUI-web" ({})
console.warn: WindowsJumpLists: "Failed to fetch favicon for " "https://geovisor-igac.firebaseapp.com/__/auth/handler?code=M.C551_SN1.2.U.21043c9b-3273-8b9a-3bb6-f18c0bf1c6d5&state=AMbdmDkS7F1Fla7AsoO4vpufoT0k1xRpB6QAc5ncWgdEF18mtWx-Uux_Yrn-Ci3zbcwXHwZyz0g2AdNmPdm7zwuI_j-xuC3dNZ2OIcbzxtbFnlengPlstk0nHAAPoMbSgR4_I-bS1poCil__Mf9ctEZAQT-x4yBjvP2O3JMRzpkHKc8ddAUUHXSKiROiLehM-1wzhDd3W2vgn2Yg_xa_SvqZOeIDH6rJ3YK46zsB7N3ohlBOH0x5X8Dwof_pI7wMmeNJCD-afW8QdRKVtc3id4B4EikQEeHVsQT9MEBuN0005W9Y3axim4hDZ8LS1haeWpiN4EmQaqc0drUDQOttl7Qy0XfLcI4GQQ" ({})
console.warn: WindowsJumpLists: "Failed to fetch favicon for " "https://geovisor-igac.firebaseapp.com/__/auth/handler?apiKey=AIzaSyCLSp_Qbaohj8owxrpZxvrmxUSkVw0ukig&appName=%5BDEFAULT%5D-firebaseui-temp&authType=signInViaPopup&providerId=microsoft.com&eventId=712288098&v=7.4.0&fw=FirebaseUI-web" ({})
console.warn: WindowsJumpLists: "Failed to fetch favicon for " "https://geovisor-igac.firebaseapp.com/__/auth/handler?code=M.C551_SN1.2.U.21043c9b-3273-8b9a-3bb6-f18c0bf1c6d5&state=AMbdmDkS7F1Fla7AsoO4vpufoT0k1xRpB6QAc5ncWgdEF18mtWx-Uux_Yrn-Ci3zbcwXHwZyz0g2AdNmPdm7zwuI_j-xuC3dNZ2OIcbzxtbFnlengPlstk0nHAAPoMbSgR4_I-bS1poCil__Mf9ctEZAQT-x4yBjvP2O3JMRzpkHKc8ddAUUHXSKiROiLehM-1wzhDd3W2vgn2Yg_xa_SvqZOeIDH6rJ3YK46zsB7N3ohlBOH0x5X8Dwof_pI7wMmeNJCD-afW8QdRKVtc3id4B4EikQEeHVsQT9MEBuN0005W9Y3axim4hDZ8LS1haeWpiN4EmQaqc0drUDQOttl7Qy0XfLcI4GQQ" ({})
console.warn: WindowsJumpLists: "Failed to fetch favicon for " "https://geovisor-igac.firebaseapp.com/__/auth/handler?apiKey=AIzaSyCLSp_Qbaohj8owxrpZxvrmxUSkVw0ukig&appName=%5BDEFAULT%5D-firebaseui-temp&authType=signInViaPopup&providerId=microsoft.com&eventId=712288098&v=7.4.0&fw=FirebaseUI-web" ({})
console.warn: WindowsJumpLists: "Failed to fetch favicon for " "https://geovisor-igac.firebaseapp.com/__/auth/handler?code=M.C551_SN1.2.U.21043c9b-3273-8b9a-3bb6-f18c0bf1c6d5&state=AMbdmDkS7F1Fla7AsoO4vpufoT0k1xRpB6QAc5ncWgdEF18mtWx-Uux_Yrn-Ci3zbcwXHwZyz0g2AdNmPdm7zwuI_j-xuC3dNZ2OIcbzxtbFnlengPlstk0nHAAPoMbSgR4_I-bS1poCil__Mf9ctEZAQT-x4yBjvP2O3JMRzpkHKc8ddAUUHXSKiROiLehM-1wzhDd3W2vgn2Yg_xa_SvqZOeIDH6rJ3YK46zsB7N3ohlBOH0x5X8Dwof_pI7wMmeNJCD-afW8QdRKVtc3id4B4EikQEeHVsQT9MEBuN0005W9Y3axim4hDZ8LS1haeWpiN4EmQaqc0drUDQOttl7Qy0XfLcI4GQQ" ({})
console.warn: WindowsJumpLists: "Failed to fetch favicon for " "https://geovisor-igac.firebaseapp.com/__/auth/handler?apiKey=AIzaSyCLSp_Qbaohj8owxrpZxvrmxUSkVw0ukig&appName=%5BDEFAULT%5D-firebaseui-temp&authType=signInViaPopup&providerId=microsoft.com&eventId=712288098&v=7.4.0&fw=FirebaseUI-web" ({})
console.warn: WindowsJumpLists: "Failed to fetch favicon for " "https://geovisor-igac.firebaseapp.com/__/auth/handler?code=M.C551_SN1.2.U.21043c9b-3273-8b9a-3bb6-f18c0bf1c6d5&state=AMbdmDkS7F1Fla7AsoO4vpufoT0k1xRpB6QAc5ncWgdEF18mtWx-Uux_Yrn-Ci3zbcwXHwZyz0g2AdNmPdm7zwuI_j-xuC3dNZ2OIcbzxtbFnlengPlstk0nHAAPoMbSgR4_I-bS1poCil__Mf9ctEZAQT-x4yBjvP2O3JMRzpkHKc8ddAUUHXSKiROiLehM-1wzhDd3W2vgn2Yg_xa_SvqZOeIDH6rJ3YK46zsB7N3ohlBOH0x5X8Dwof_pI7wMmeNJCD-afW8QdRKVtc3id4B4EikQEeHVsQT9MEBuN0005W9Y3axim4hDZ8LS1haeWpiN4EmQaqc0drUDQOttl7Qy0XfLcI4GQQ" ({})
console.warn: WindowsJumpLists: "Failed to fetch favicon for " "https://geovisor-igac.firebaseapp.com/__/auth/handler?apiKey=AIzaSyCLSp_Qbaohj8owxrpZxvrmxUSkVw0ukig&appName=%5BDEFAULT%5D-firebaseui-temp&authType=signInViaPopup&providerId=microsoft.com&eventId=712288098&v=7.4.0&fw=FirebaseUI-web" ({})
console.warn: WindowsJumpLists: "Failed to fetch favicon for " "https://geovisor-igac.firebaseapp.com/__/auth/handler?code=M.C551_SN1.2.U.21043c9b-3273-8b9a-3bb6-f18c0bf1c6d5&state=AMbdmDkS7F1Fla7AsoO4vpufoT0k1xRpB6QAc5ncWgdEF18mtWx-Uux_Yrn-Ci3zbcwXHwZyz0g2AdNmPdm7zwuI_j-xuC3dNZ2OIcbzxtbFnlengPlstk0nHAAPoMbSgR4_I-bS1poCil__Mf9ctEZAQT-x4yBjvP2O3JMRzpkHKc8ddAUUHXSKiROiLehM-1wzhDd3W2vgn2Yg_xa_SvqZOeIDH6rJ3YK46zsB7N3ohlBOH0x5X8Dwof_pI7wMmeNJCD-afW8QdRKVtc3id4B4EikQEeHVsQT9MEBuN0005W9Y3axim4hDZ8LS1haeWpiN4EmQaqc0drUDQOttl7Qy0XfLcI4GQQ" ({})
console.warn: WindowsJumpLists: "Failed to fetch favicon for " "https://geovisor-igac.firebaseapp.com/__/auth/handler?apiKey=AIzaSyCLSp_Qbaohj8owxrpZxvrmxUSkVw0ukig&appName=%5BDEFAULT%5D-firebaseui-temp&authType=signInViaPopup&providerId=microsoft.com&eventId=712288098&v=7.4.0&fw=FirebaseUI-web" ({})
console.warn: WindowsJumpLists: "Failed to fetch favicon for " "https://geovisor-igac.firebaseapp.com/__/auth/handler?code=M.C551_SN1.2.U.21043c9b-3273-8b9a-3bb6-f18c0bf1c6d5&state=AMbdmDkS7F1Fla7AsoO4vpufoT0k1xRpB6QAc5ncWgdEF18mtWx-Uux_Yrn-Ci3zbcwXHwZyz0g2AdNmPdm7zwuI_j-xuC3dNZ2OIcbzxtbFnlengPlstk0nHAAPoMbSgR4_I-bS1poCil__Mf9ctEZAQT-x4yBjvP2O3JMRzpkHKc8ddAUUHXSKiROiLehM-1wzhDd3W2vgn2Yg_xa_SvqZOeIDH6rJ3YK46zsB7N3ohlBOH0x5X8Dwof_pI7wMmeNJCD-afW8QdRKVtc3id4B4EikQEeHVsQT9MEBuN0005W9Y3axim4hDZ8LS1haeWpiN4EmQaqc0drUDQOttl7Qy0XfLcI4GQQ" ({})
console.warn: WindowsJumpLists: "Failed to fetch favicon for " "https://geovisor-igac.firebaseapp.com/__/auth/handler?apiKey=AIzaSyCLSp_Qbaohj8owxrpZxvrmxUSkVw0ukig&appName=%5BDEFAULT%5D-firebaseui-temp&authType=signInViaPopup&providerId=microsoft.com&eventId=712288098&v=7.4.0&fw=FirebaseUI-web" ({})
console.warn: WindowsJumpLists: "Failed to fetch favicon for " "https://geovisor-igac.firebaseapp.com/__/auth/handler?code=M.C551_SN1.2.U.21043c9b-3273-8b9a-3bb6-f18c0bf1c6d5&state=AMbdmDkS7F1Fla7AsoO4vpufoT0k1xRpB6QAc5ncWgdEF18mtWx-Uux_Yrn-Ci3zbcwXHwZyz0g2AdNmPdm7zwuI_j-xuC3dNZ2OIcbzxtbFnlengPlstk0nHAAPoMbSgR4_I-bS1poCil__Mf9ctEZAQT-x4yBjvP2O3JMRzpkHKc8ddAUUHXSKiROiLehM-1wzhDd3W2vgn2Yg_xa_SvqZOeIDH6rJ3YK46zsB7N3ohlBOH0x5X8Dwof_pI7wMmeNJCD-afW8QdRKVtc3id4B4EikQEeHVsQT9MEBuN0005W9Y3axim4hDZ8LS1haeWpiN4EmQaqc0drUDQOttl7Qy0XfLcI4GQQ" ({})
console.warn: WindowsJumpLists: "Failed to fetch favicon for " "https://geovisor-igac.firebaseapp.com/__/auth/handler?apiKey=AIzaSyCLSp_Qbaohj8owxrpZxvrmxUSkVw0ukig&appName=%5BDEFAULT%5D-firebaseui-temp&authType=signInViaPopup&providerId=microsoft.com&eventId=712288098&v=7.4.0&fw=FirebaseUI-web" ({})
console.warn: WindowsJumpLists: "Failed to fetch favicon for " "https://geovisor-igac.firebaseapp.com/__/auth/handler?code=M.C551_SN1.2.U.21043c9b-3273-8b9a-3bb6-f18c0bf1c6d5&state=AMbdmDkS7F1Fla7AsoO4vpufoT0k1xRpB6QAc5ncWgdEF18mtWx-Uux_Yrn-Ci3zbcwXHwZyz0g2AdNmPdm7zwuI_j-xuC3dNZ2OIcbzxtbFnlengPlstk0nHAAPoMbSgR4_I-bS1poCil__Mf9ctEZAQT-x4yBjvP2O3JMRzpkHKc8ddAUUHXSKiROiLehM-1wzhDd3W2vgn2Yg_xa_SvqZOeIDH6rJ3YK46zsB7N3ohlBOH0x5X8Dwof_pI7wMmeNJCD-afW8QdRKVtc3id4B4EikQEeHVsQT9MEBuN0005W9Y3axim4hDZ8LS1haeWpiN4EmQaqc0drUDQOttl7Qy0XfLcI4GQQ" ({})
console.warn: WindowsJumpLists: "Failed to fetch favicon for " "https://geovisor-igac.firebaseapp.com/__/auth/handler?apiKey=AIzaSyCLSp_Qbaohj8owxrpZxvrmxUSkVw0ukig&appName=%5BDEFAULT%5D-firebaseui-temp&authType=signInViaPopup&providerId=microsoft.com&eventId=712288098&v=7.4.0&fw=FirebaseUI-web" ({})
console.warn: WindowsJumpLists: "Failed to fetch favicon for " "https://geovisor-igac.firebaseapp.com/__/auth/handler?code=M.C551_SN1.2.U.21043c9b-3273-8b9a-3bb6-f18c0bf1c6d5&state=AMbdmDkS7F1Fla7AsoO4vpufoT0k1xRpB6QAc5ncWgdEF18mtWx-Uux_Yrn-Ci3zbcwXHwZyz0g2AdNmPdm7zwuI_j-xuC3dNZ2OIcbzxtbFnlengPlstk0nHAAPoMbSgR4_I-bS1poCil__Mf9ctEZAQT-x4yBjvP2O3JMRzpkHKc8ddAUUHXSKiROiLehM-1wzhDd3W2vgn2Yg_xa_SvqZOeIDH6rJ3YK46zsB7N3ohlBOH0x5X8Dwof_pI7wMmeNJCD-afW8QdRKVtc3id4B4EikQEeHVsQT9MEBuN0005W9Y3axim4hDZ8LS1haeWpiN4EmQaqc0drUDQOttl7Qy0XfLcI4GQQ" ({})
console.warn: WindowsJumpLists: "Failed to fetch favicon for " "https://geovisor-igac.firebaseapp.com/__/auth/handler?apiKey=AIzaSyCLSp_Qbaohj8owxrpZxvrmxUSkVw0ukig&appName=%5BDEFAULT%5D-firebaseui-temp&authType=signInViaPopup&providerId=microsoft.com&eventId=712288098&v=7.4.0&fw=FirebaseUI-web" ({})
console.warn: WindowsJumpLists: "Failed to fetch favicon for " "https://geovisor-igac.firebaseapp.com/__/auth/handler?code=M.C551_SN1.2.U.21043c9b-3273-8b9a-3bb6-f18c0bf1c6d5&state=AMbdmDkS7F1Fla7AsoO4vpufoT0k1xRpB6QAc5ncWgdEF18mtWx-Uux_Yrn-Ci3zbcwXHwZyz0g2AdNmPdm7zwuI_j-xuC3dNZ2OIcbzxtbFnlengPlstk0nHAAPoMbSgR4_I-bS1poCil__Mf9ctEZAQT-x4yBjvP2O3JMRzpkHKc8ddAUUHXSKiROiLehM-1wzhDd3W2vgn2Yg_xa_SvqZOeIDH6rJ3YK46zsB7N3ohlBOH0x5X8Dwof_pI7wMmeNJCD-afW8QdRKVtc3id4B4EikQEeHVsQT9MEBuN0005W9Y3axim4hDZ8LS1haeWpiN4EmQaqc0drUDQOttl7Qy0XfLcI4GQQ" ({})
console.warn: WindowsJumpLists: "Failed to fetch favicon for " "https://geovisor-igac.firebaseapp.com/__/auth/handler?apiKey=AIzaSyCLSp_Qbaohj8owxrpZxvrmxUSkVw0ukig&appName=%5BDEFAULT%5D-firebaseui-temp&authType=signInViaPopup&providerId=microsoft.com&eventId=712288098&v=7.4.0&fw=FirebaseUI-web" ({})
console.warn: WindowsJumpLists: "Failed to fetch favicon for " "https://geovisor-igac.firebaseapp.com/__/auth/handler?code=M.C551_SN1.2.U.21043c9b-3273-8b9a-3bb6-f18c0bf1c6d5&state=AMbdmDkS7F1Fla7AsoO4vpufoT0k1xRpB6QAc5ncWgdEF18mtWx-Uux_Yrn-Ci3zbcwXHwZyz0g2AdNmPdm7zwuI_j-xuC3dNZ2OIcbzxtbFnlengPlstk0nHAAPoMbSgR4_I-bS1poCil__Mf9ctEZAQT-x4yBjvP2O3JMRzpkHKc8ddAUUHXSKiROiLehM-1wzhDd3W2vgn2Yg_xa_SvqZOeIDH6rJ3YK46zsB7N3ohlBOH0x5X8Dwof_pI7wMmeNJCD-afW8QdRKVtc3id4B4EikQEeHVsQT9MEBuN0005W9Y3axim4hDZ8LS1haeWpiN4EmQaqc0drUDQOttl7Qy0XfLcI4GQQ" ({})
console.warn: WindowsJumpLists: "Failed to fetch favicon for " "https://geovisor-igac.firebaseapp.com/__/auth/handler?apiKey=AIzaSyCLSp_Qbaohj8owxrpZxvrmxUSkVw0ukig&appName=%5BDEFAULT%5D-firebaseui-temp&authType=signInViaPopup&providerId=microsoft.com&eventId=712288098&v=7.4.0&fw=FirebaseUI-web" ({})
console.warn: WindowsJumpLists: "Failed to fetch favicon for " "https://geovisor-igac.firebaseapp.com/__/auth/handler?code=M.C551_SN1.2.U.21043c9b-3273-8b9a-3bb6-f18c0bf1c6d5&state=AMbdmDkS7F1Fla7AsoO4vpufoT0k1xRpB6QAc5ncWgdEF18mtWx-Uux_Yrn-Ci3zbcwXHwZyz0g2AdNmPdm7zwuI_j-xuC3dNZ2OIcbzxtbFnlengPlstk0nHAAPoMbSgR4_I-bS1poCil__Mf9ctEZAQT-x4yBjvP2O3JMRzpkHKc8ddAUUHXSKiROiLehM-1wzhDd3W2vgn2Yg_xa_SvqZOeIDH6rJ3YK46zsB7N3ohlBOH0x5X8Dwof_pI7wMmeNJCD-afW8QdRKVtc3id4B4EikQEeHVsQT9MEBuN0005W9Y3axim4hDZ8LS1haeWpiN4EmQaqc0drUDQOttl7Qy0XfLcI4GQQ" ({})
console.warn: WindowsJumpLists: "Failed to fetch favicon for " "https://geovisor-igac.firebaseapp.com/__/auth/handler?apiKey=AIzaSyCLSp_Qbaohj8owxrpZxvrmxUSkVw0ukig&appName=%5BDEFAULT%5D-firebaseui-temp&authType=signInViaPopup&providerId=microsoft.com&eventId=712288098&v=7.4.0&fw=FirebaseUI-web" ({})
console.warn: WindowsJumpLists: "Failed to fetch favicon for " "https://geovisor-igac.firebaseapp.com/__/auth/handler?code=M.C551_SN1.2.U.21043c9b-3273-8b9a-3bb6-f18c0bf1c6d5&state=AMbdmDkS7F1Fla7AsoO4vpufoT0k1xRpB6QAc5ncWgdEF18mtWx-Uux_Yrn-Ci3zbcwXHwZyz0g2AdNmPdm7zwuI_j-xuC3dNZ2OIcbzxtbFnlengPlstk0nHAAPoMbSgR4_I-bS1poCil__Mf9ctEZAQT-x4yBjvP2O3JMRzpkHKc8ddAUUHXSKiROiLehM-1wzhDd3W2vgn2Yg_xa_SvqZOeIDH6rJ3YK46zsB7N3ohlBOH0x5X8Dwof_pI7wMmeNJCD-afW8QdRKVtc3id4B4EikQEeHVsQT9MEBuN0005W9Y3axim4hDZ8LS1haeWpiN4EmQaqc0drUDQOttl7Qy0XfLcI4GQQ" ({})
console.warn: WindowsJumpLists: "Failed to fetch favicon for " "https://geovisor-igac.firebaseapp.com/__/auth/handler?apiKey=AIzaSyCLSp_Qbaohj8owxrpZxvrmxUSkVw0ukig&appName=%5BDEFAULT%5D-firebaseui-temp&authType=signInViaPopup&providerId=microsoft.com&eventId=712288098&v=7.4.0&fw=FirebaseUI-web" ({})
console.warn: WindowsJumpLists: "Failed to fetch favicon for " "https://geovisor-igac.firebaseapp.com/__/auth/handler?code=M.C551_SN1.2.U.21043c9b-3273-8b9a-3bb6-f18c0bf1c6d5&state=AMbdmDkS7F1Fla7AsoO4vpufoT0k1xRpB6QAc5ncWgdEF18mtWx-Uux_Yrn-Ci3zbcwXHwZyz0g2AdNmPdm7zwuI_j-xuC3dNZ2OIcbzxtbFnlengPlstk0nHAAPoMbSgR4_I-bS1poCil__Mf9ctEZAQT-x4yBjvP2O3JMRzpkHKc8ddAUUHXSKiROiLehM-1wzhDd3W2vgn2Yg_xa_SvqZOeIDH6rJ3YK46zsB7N3ohlBOH0x5X8Dwof_pI7wMmeNJCD-afW8QdRKVtc3id4B4EikQEeHVsQT9MEBuN0005W9Y3axim4hDZ8LS1haeWpiN4EmQaqc0drUDQOttl7Qy0XfLcI4GQQ" ({})
console.warn: WindowsJumpLists: "Failed to fetch favicon for " "https://geovisor-igac.firebaseapp.com/__/auth/handler?apiKey=AIzaSyCLSp_Qbaohj8owxrpZxvrmxUSkVw0ukig&appName=%5BDEFAULT%5D-firebaseui-temp&authType=signInViaPopup&providerId=microsoft.com&eventId=712288098&v=7.4.0&fw=FirebaseUI-web" ({})
console.warn: WindowsJumpLists: "Failed to fetch favicon for " "https://geovisor-igac.firebaseapp.com/__/auth/handler?code=M.C551_SN1.2.U.21043c9b-3273-8b9a-3bb6-f18c0bf1c6d5&state=AMbdmDkS7F1Fla7AsoO4vpufoT0k1xRpB6QAc5ncWgdEF18mtWx-Uux_Yrn-Ci3zbcwXHwZyz0g2AdNmPdm7zwuI_j-xuC3dNZ2OIcbzxtbFnlengPlstk0nHAAPoMbSgR4_I-bS1poCil__Mf9ctEZAQT-x4yBjvP2O3JMRzpkHKc8ddAUUHXSKiROiLehM-1wzhDd3W2vgn2Yg_xa_SvqZOeIDH6rJ3YK46zsB7N3ohlBOH0x5X8Dwof_pI7wMmeNJCD-afW8QdRKVtc3id4B4EikQEeHVsQT9MEBuN0005W9Y3axim4hDZ8LS1haeWpiN4EmQaqc0drUDQOttl7Qy0XfLcI4GQQ" ({})
console.warn: WindowsJumpLists: "Failed to fetch favicon for " "https://geovisor-igac.firebaseapp.com/__/auth/handler?apiKey=AIzaSyCLSp_Qbaohj8owxrpZxvrmxUSkVw0ukig&appName=%5BDEFAULT%5D-firebaseui-temp&authType=signInViaPopup&providerId=microsoft.com&eventId=712288098&v=7.4.0&fw=FirebaseUI-web" ({})
console.warn: WindowsJumpLists: "Failed to fetch favicon for " "https://geovisor-igac.firebaseapp.com/__/auth/handler?code=M.C551_SN1.2.U.21043c9b-3273-8b9a-3bb6-f18c0bf1c6d5&state=AMbdmDkS7F1Fla7AsoO4vpufoT0k1xRpB6QAc5ncWgdEF18mtWx-Uux_Yrn-Ci3zbcwXHwZyz0g2AdNmPdm7zwuI_j-xuC3dNZ2OIcbzxtbFnlengPlstk0nHAAPoMbSgR4_I-bS1poCil__Mf9ctEZAQT-x4yBjvP2O3JMRzpkHKc8ddAUUHXSKiROiLehM-1wzhDd3W2vgn2Yg_xa_SvqZOeIDH6rJ3YK46zsB7N3ohlBOH0x5X8Dwof_pI7wMmeNJCD-afW8QdRKVtc3id4B4EikQEeHVsQT9MEBuN0005W9Y3axim4hDZ8LS1haeWpiN4EmQaqc0drUDQOttl7Qy0XfLcI4GQQ" ({})
console.warn: WindowsJumpLists: "Failed to fetch favicon for " "https://geovisor-igac.firebaseapp.com/__/auth/handler?apiKey=AIzaSyCLSp_Qbaohj8owxrpZxvrmxUSkVw0ukig&appName=%5BDEFAULT%5D-firebaseui-temp&authType=signInViaPopup&providerId=microsoft.com&eventId=712288098&v=7.4.0&fw=FirebaseUI-web" ({})
1723268005433	Marionette	INFO	Stopped listening on port 49907
Dynamically enable window occlusion 1
ng command: "C:\\Program Files\\Mozilla Firefox\\firefox.exe" "--marionette" "--window-size=1900,1980" "--disable-web-se ... 1" "--remote-allow-hosts" "localhost" "-no-remote" "-profile" "C:\\Users\\osori\\AppData\\Local\\Temp\\rust_mozprofileP8WZOx"
console.warn: services.settings: Ignoring preference override of remote settings server
console.warn: services.settings: Allow by setting MOZ_REMOTE_SETTINGS_DEVTOOLS=1 in the environment
Dynamically enable window occlusion 0
1723268002658	Marionette	INFO	Marionette enabled
console.error: "Warning: unrecognized command line flag" "-window-size"
console.error: "Warning: unrecognized command line flag" "-disable-web-security"
console.error: "Warning: unrecognized command line flag" "-disable-notifications"
console.error: "Warning: unrecognized command line flag" "-no-sandbox"
console.error: "Warning: unrecognized command line flag" "-no-default-browser-check"
console.error: "Warning: unrecognized command line flag" "-no-proxy-server"
1723268002834	Marionette	INFO	Listening on port 52801
WebDriver BiDi listening on ws://127.0.0.1:52791
Read port: 52801
1723268003015	RemoteAgent	WARN	TLS certificate errors will be ignored for this session
1723268032684	addons.xpi	ERROR	System addon update list error SyntaxError: XMLHttpRequest.open: 'http://%(server)s/dummy-system-addons.xml' is not a valid URL.
JavaScript warning: https://www.googletagmanager.com/gtag/js?id=G-78PPLF47WW, line 146: Script terminated by timeout at:
Ab@https://www.googletagmanager.com/gtag/js?id=G-78PPLF47WW:146:128
pl@https://www.googletagmanager.com/gtag/js?id=G-78PPLF47WW:318:600
sm@https://www.googletagmanager.com/gtag/js?id=G-78PPLF47WW:328:720
lH/<@https://www.googletagmanager.com/gtag/js?id=G-78PPLF47WW:632:178
ba.Vk/<@https://www.googletagmanager.com/gtag/js?id=G-78PPLF47WW:574:126
ba.Vk/c/<@https://www.googletagmanager.com/gtag/js?id=G-78PPLF47WW:573:420

1723268835060	Marionette	INFO	Stopped listening on port 52801
Dynamically enable window occlusion 1
g: unrecognized command line flag" "-window-size"
console.error: "Warning: unrecognized command line flag" "-disable-web-security"
console.error: "Warning: unrecognized command line flag" "-disable-notifications"
console.error: "Warning: unrecognized command line flag" "-no-sandbox"
console.error: "Warning: unrecognized command line flag" "-no-default-browser-check"
console.error: "Warning: unrecognized command line flag" "-no-proxy-server"
1723268172029	Marionette	INFO	Listening on port 53042
WebDriver BiDi listening on ws://127.0.0.1:53032
Read port: 53042
1723268172244	RemoteAgent	WARN	TLS certificate errors will be ignored for this session
console.warn: LoginRecipes: "Falling back to a synchronous message for: https://login.microsoftonline.com."
console.warn: LoginRecipes: "Falling back to a synchronous message for: https://login.microsoftonline.com."
console.warn: LoginRecipes: "Falling back to a synchronous message for: https://login.live.com."
console.warn: LoginRecipes: "Falling back to a synchronous message for: https://login.live.com."
JavaScript warning: https://account.live.com/Consent/Update?mkt=ES-ES&uiflavor=web&id=293577&lqsp=ntprob%3d-1&ru=https://login.live.com/oauth20_authorize.srf%3froute%3dC555_BAY%26uaid%3d8cf1435f2f9146ca81d78952eb132484%26client_id%3d1947cf28-e8a5-49f0-82f6-ba6ccd3b2b30%26opid%3dB5475633B34DEEB0%26mkt%3dES-ES%26opidt%3d1723268191, line 122: Script terminated by timeout at:
n@https://account.live.com/Consent/Update?mkt=ES-ES&uiflavor=web&id=293577&lqsp=ntprob%3d-1&ru=https://login.live.com/oauth20_authorize.srf%3froute%3dC555_BAY%26uaid%3d8cf1435f2f9146ca81d78952eb132484%26client_id%3d1947cf28-e8a5-49f0-82f6-ba6ccd3b2b30%26opid%3dB5475633B34DEEB0%26mkt%3dES-ES%26opidt%3d1723268191:122:1

1723268201897	addons.xpi	ERROR	System addon update list error SyntaxError: XMLHttpRequest.open: 'http://%(server)s/dummy-system-addons.xml' is not a valid URL.
console.warn: WindowsJumpLists: "Failed to fetch favicon for " "https://geovisor-igac.firebaseapp.com/__/auth/handler?code=M.C555_BAY.2.U.2c471f8b-7768-f799-1fc6-f8748b9d2cad&state=AMbdmDks7b3yJkwmdE1xbdGT60b_YIonOLo-d3iNE1gQxZRs5woF9sSTVPgPWz5ALOXfXCcVCXHiiug8yOc42Y0CPqWh6l2FukzIyatT56M8VNCFzPImDwuXk64WcDONuyE2a5GBaHO9zRyQtazQRSuFOx6wlTkkrYKTkBHgqJBify2kSm9H7CkQ0Fov1GyujRnyVbCJm7h546PKmmglps-R8u6C8ebHzqTmrQfVZc34sdCigQcBOP25NskicjcZ11dHRcuVs15LyYmWgidbX0hYjqsmpstPSHAQj768FjJGw-2dvzda4jVhbXGry3T1_MUYq01TO_Bpsn-Jimk7RXLAcJaGkCDSOA" ({})
console.warn: WindowsJumpLists: "Failed to fetch favicon for " "https://geovisor-igac.firebaseapp.com/__/auth/handler?apiKey=AIzaSyCLSp_Qbaohj8owxrpZxvrmxUSkVw0ukig&appName=%5BDEFAULT%5D-firebaseui-temp&authType=signInViaPopup&providerId=microsoft.com&eventId=244862926&v=7.4.0&fw=FirebaseUI-web" ({})
console.warn: WindowsJumpLists: "Failed to fetch favicon for " "https://geovisor-igac.firebaseapp.com/__/auth/handler?code=M.C555_BAY.2.U.2c471f8b-7768-f799-1fc6-f8748b9d2cad&state=AMbdmDks7b3yJkwmdE1xbdGT60b_YIonOLo-d3iNE1gQxZRs5woF9sSTVPgPWz5ALOXfXCcVCXHiiug8yOc42Y0CPqWh6l2FukzIyatT56M8VNCFzPImDwuXk64WcDONuyE2a5GBaHO9zRyQtazQRSuFOx6wlTkkrYKTkBHgqJBify2kSm9H7CkQ0Fov1GyujRnyVbCJm7h546PKmmglps-R8u6C8ebHzqTmrQfVZc34sdCigQcBOP25NskicjcZ11dHRcuVs15LyYmWgidbX0hYjqsmpstPSHAQj768FjJGw-2dvzda4jVhbXGry3T1_MUYq01TO_Bpsn-Jimk7RXLAcJaGkCDSOA" ({})
console.warn: WindowsJumpLists: "Failed to fetch favicon for " "https://geovisor-igac.firebaseapp.com/__/auth/handler?apiKey=AIzaSyCLSp_Qbaohj8owxrpZxvrmxUSkVw0ukig&appName=%5BDEFAULT%5D-firebaseui-temp&authType=signInViaPopup&providerId=microsoft.com&eventId=244862926&v=7.4.0&fw=FirebaseUI-web" ({})
console.warn: WindowsJumpLists: "Failed to fetch favicon for " "https://geovisor-igac.firebaseapp.com/__/auth/handler?code=M.C555_BAY.2.U.2c471f8b-7768-f799-1fc6-f8748b9d2cad&state=AMbdmDks7b3yJkwmdE1xbdGT60b_YIonOLo-d3iNE1gQxZRs5woF9sSTVPgPWz5ALOXfXCcVCXHiiug8yOc42Y0CPqWh6l2FukzIyatT56M8VNCFzPImDwuXk64WcDONuyE2a5GBaHO9zRyQtazQRSuFOx6wlTkkrYKTkBHgqJBify2kSm9H7CkQ0Fov1GyujRnyVbCJm7h546PKmmglps-R8u6C8ebHzqTmrQfVZc34sdCigQcBOP25NskicjcZ11dHRcuVs15LyYmWgidbX0hYjqsmpstPSHAQj768FjJGw-2dvzda4jVhbXGry3T1_MUYq01TO_Bpsn-Jimk7RXLAcJaGkCDSOA" ({})
console.warn: WindowsJumpLists: "Failed to fetch favicon for " "https://geovisor-igac.firebaseapp.com/__/auth/handler?apiKey=AIzaSyCLSp_Qbaohj8owxrpZxvrmxUSkVw0ukig&appName=%5BDEFAULT%5D-firebaseui-temp&authType=signInViaPopup&providerId=microsoft.com&eventId=244862926&v=7.4.0&fw=FirebaseUI-web" ({})
console.warn: WindowsJumpLists: "Failed to fetch favicon for " "https://geovisor-igac.firebaseapp.com/__/auth/handler?code=M.C555_BAY.2.U.2c471f8b-7768-f799-1fc6-f8748b9d2cad&state=AMbdmDks7b3yJkwmdE1xbdGT60b_YIonOLo-d3iNE1gQxZRs5woF9sSTVPgPWz5ALOXfXCcVCXHiiug8yOc42Y0CPqWh6l2FukzIyatT56M8VNCFzPImDwuXk64WcDONuyE2a5GBaHO9zRyQtazQRSuFOx6wlTkkrYKTkBHgqJBify2kSm9H7CkQ0Fov1GyujRnyVbCJm7h546PKmmglps-R8u6C8ebHzqTmrQfVZc34sdCigQcBOP25NskicjcZ11dHRcuVs15LyYmWgidbX0hYjqsmpstPSHAQj768FjJGw-2dvzda4jVhbXGry3T1_MUYq01TO_Bpsn-Jimk7RXLAcJaGkCDSOA" ({})
console.warn: WindowsJumpLists: "Failed to fetch favicon for " "https://geovisor-igac.firebaseapp.com/__/auth/handler?apiKey=AIzaSyCLSp_Qbaohj8owxrpZxvrmxUSkVw0ukig&appName=%5BDEFAULT%5D-firebaseui-temp&authType=signInViaPopup&providerId=microsoft.com&eventId=244862926&v=7.4.0&fw=FirebaseUI-web" ({})
console.warn: WindowsJumpLists: "Failed to fetch favicon for " "https://geovisor-igac.firebaseapp.com/__/auth/handler?code=M.C555_BAY.2.U.2c471f8b-7768-f799-1fc6-f8748b9d2cad&state=AMbdmDks7b3yJkwmdE1xbdGT60b_YIonOLo-d3iNE1gQxZRs5woF9sSTVPgPWz5ALOXfXCcVCXHiiug8yOc42Y0CPqWh6l2FukzIyatT56M8VNCFzPImDwuXk64WcDONuyE2a5GBaHO9zRyQtazQRSuFOx6wlTkkrYKTkBHgqJBify2kSm9H7CkQ0Fov1GyujRnyVbCJm7h546PKmmglps-R8u6C8ebHzqTmrQfVZc34sdCigQcBOP25NskicjcZ11dHRcuVs15LyYmWgidbX0hYjqsmpstPSHAQj768FjJGw-2dvzda4jVhbXGry3T1_MUYq01TO_Bpsn-Jimk7RXLAcJaGkCDSOA" ({})
console.warn: WindowsJumpLists: "Failed to fetch favicon for " "https://geovisor-igac.firebaseapp.com/__/auth/handler?apiKey=AIzaSyCLSp_Qbaohj8owxrpZxvrmxUSkVw0ukig&appName=%5BDEFAULT%5D-firebaseui-temp&authType=signInViaPopup&providerId=microsoft.com&eventId=244862926&v=7.4.0&fw=FirebaseUI-web" ({})
JavaScript warning: https://www.googletagmanager.com/gtag/js?id=G-78PPLF47WW, line 165: Script terminated by timeout at:
Zc.prototype.evaluate@https://www.googletagmanager.com/gtag/js?id=G-78PPLF47WW:165:31
od@https://www.googletagmanager.com/gtag/js?id=G-78PPLF47WW:176:27
ba.invoke@https://www.googletagmanager.com/gtag/js?id=G-78PPLF47WW:164:433
Ka@https://www.googletagmanager.com/gtag/js?id=G-78PPLF47WW:136:504
Zc.prototype.evaluate@https://www.googletagmanager.com/gtag/js?id=G-78PPLF47WW:165:72
vd@https://www.googletagmanager.com/gtag/js?id=G-78PPLF47WW:180:258
ba.invoke@https://www.googletagmanager.com/gtag/js?id=G-78PPLF47WW:164:433
Ka@https://www.googletagmanager.com/gtag/js?id=G-78PPLF47WW:136:504
Ja@https://www.googletagmanager.com/gtag/js?id=G-78PPLF47WW:136:303
Md/<@https://www.googletagmanager.com/gtag/js?id=G-78PPLF47WW:188:20
ba.invoke@https://www.googletagmanager.com/gtag/js?id=G-78PPLF47WW:164:433
VH/<@https://www.googletagmanager.com/gtag/js?id=G-78PPLF47WW:639:491
Qr@https://www.googletagmanager.com/gtag/js?id=G-78PPLF47WW:424:231
ba.Lm@https://www.googletagmanager.com/gtag/js?id=G-78PPLF47WW:618:278
ba.Km/</<@https://www.googletagmanager.com/gtag/js?id=G-78PPLF47WW:616:104
Jk@https://www.googletagmanager.com/gtag/js?id=G-78PPLF47WW:312:151
il@https://www.googletagmanager.com/gtag/js?id=G-78PPLF47WW:318:70
ba.Km/<@https://www.googletagmanager.com/gtag/js?id=G-78PPLF47WW:616:90
c@https://www.googletagmanager.com/gtag/js?id=G-78PPLF47WW:443:169
Jt@https://www.googletagmanager.com/gtag/js?id=G-78PPLF47WW:444:269
ba.Km@https://www.googletagmanager.com/gtag/js?id=G-78PPLF47WW:616:76
c@https://www.googletagmanager.com/gtag/js?id=G-78PPLF47WW:631:675
Am@https://www.googletagmanager.com/gtag/js?id=G-78PPLF47WW:331:1
zm.prototype.flush@https://www.googletagmanager.com/gtag/js?id=G-78PPLF47WW:333:278
zm.prototype.push@https://www.googletagmanager.com/gtag/js?id=G-78PPLF47WW:331:395
sm@https://www.googletagmanager.com/gtag/js?id=G-78PPLF47WW:328:743
lH/<@https://www.googletagmanager.com/gtag/js?id=G-78PPLF47WW:632:178
ba.Vk/<@https://www.googletagmanager.com/gtag/js?id=G-78PPLF47WW:574:126
ba.Vk/c/<@https://www.googletagmanager.com/gtag/js?id=G-78PPLF47WW:573:420

1723268831275	Marionette	INFO	Stopped listening on port 53042
Dynamically enable window occlusion 1
1723268867633	geckodriver	INFO	Listening on 127.0.0.1:53922
1723268870657	mozrunner::runner	INFO	Running command: "C:\\Program Files\\Mozilla Firefox\\firefox.exe" "--marionette" "--window-size=1900,1980" "--disable-web-se ... 3" "--remote-allow-hosts" "localhost" "-no-remote" "-profile" "C:\\Users\\osori\\AppData\\Local\\Temp\\rust_mozprofileLRMKA6"
console.warn: services.settings: Ignoring preference override of remote settings server
console.warn: services.settings: Allow by setting MOZ_REMOTE_SETTINGS_DEVTOOLS=1 in the environment
Dynamically enable window occlusion 0
1723268871011	Marionette	INFO	Marionette enabled
console.error: "Warning: unrecognized command line flag" "-window-size"
console.error: "Warning: unrecognized command line flag" "-disable-web-security"
console.error: "Warning: unrecognized command line flag" "-disable-notifications"
console.error: "Warning: unrecognized command line flag" "-no-sandbox"
console.error: "Warning: unrecognized command line flag" "-no-default-browser-check"
console.error: "Warning: unrecognized command line flag" "-no-proxy-server"
1723268871147	Marionette	INFO	Listening on port 53933
WebDriver BiDi listening on ws://127.0.0.1:53923
Read port: 53933
1723268871328	RemoteAgent	WARN	TLS certificate errors will be ignored for this session
console.warn: LoginRecipes: "Falling back to a synchronous message for: https://login.microsoftonline.com."
console.warn: LoginRecipes: "Falling back to a synchronous message for: https://login.microsoftonline.com."
console.warn: LoginRecipes: "Falling back to a synchronous message for: https://login.live.com."
console.warn: LoginRecipes: "Falling back to a synchronous message for: https://login.live.com."
1723268901049	addons.xpi	ERROR	System addon update list error SyntaxError: XMLHttpRequest.open: 'http://%(server)s/dummy-system-addons.xml' is not a valid URL.
console.warn: WindowsJumpLists: "Failed to fetch favicon for " "https://geovisor-igac.firebaseapp.com/__/auth/handler?code=M.C555_BAY.2.U.8f789b0d-9377-adb7-8a1f-f4c143438460&state=AMbdmDkJheAZiPPRaLa5Kl-8xrezDJVU0qnQG2brN8Xn0BlICNwuUlQQrOot3fNpmIB9TlD3SgeN2KOhsaa5xiYh7ocDJxvwoWAVRHAhS0-cycJgbngz-eMfcIJxmgE8zvi91XaPseRX0tMEtFNjY_Xom9VRvkJhAnxDwNcURXW9xcQOOOBShvH_a2Jola940dIPVGASpPxIWTO2FefVr8leMWPuqd1bjl34Vdpvu7k_coEjyIlrv4t6-cgXqlWlncQiI1B9XwOC-GWF5Ku_7IwGlvjhwanIh-fu3kUhburZ8uwoHxa0k1Be5jfQjosd3wJqzqbW5ARObBuSnfOocsnxL-1msmB4zQ" ({})
console.warn: WindowsJumpLists: "Failed to fetch favicon for " "https://geovisor-igac.firebaseapp.com/__/auth/handler?apiKey=AIzaSyCLSp_Qbaohj8owxrpZxvrmxUSkVw0ukig&appName=%5BDEFAULT%5D-firebaseui-temp&authType=signInViaPopup&providerId=microsoft.com&eventId=267227277&v=7.4.0&fw=FirebaseUI-web" ({})
console.warn: WindowsJumpLists: "Failed to fetch favicon for " "https://geovisor-igac.firebaseapp.com/__/auth/handler?code=M.C555_BAY.2.U.8f789b0d-9377-adb7-8a1f-f4c143438460&state=AMbdmDkJheAZiPPRaLa5Kl-8xrezDJVU0qnQG2brN8Xn0BlICNwuUlQQrOot3fNpmIB9TlD3SgeN2KOhsaa5xiYh7ocDJxvwoWAVRHAhS0-cycJgbngz-eMfcIJxmgE8zvi91XaPseRX0tMEtFNjY_Xom9VRvkJhAnxDwNcURXW9xcQOOOBShvH_a2Jola940dIPVGASpPxIWTO2FefVr8leMWPuqd1bjl34Vdpvu7k_coEjyIlrv4t6-cgXqlWlncQiI1B9XwOC-GWF5Ku_7IwGlvjhwanIh-fu3kUhburZ8uwoHxa0k1Be5jfQjosd3wJqzqbW5ARObBuSnfOocsnxL-1msmB4zQ" ({})
console.warn: WindowsJumpLists: "Failed to fetch favicon for " "https://geovisor-igac.firebaseapp.com/__/auth/handler?apiKey=AIzaSyCLSp_Qbaohj8owxrpZxvrmxUSkVw0ukig&appName=%5BDEFAULT%5D-firebaseui-temp&authType=signInViaPopup&providerId=microsoft.com&eventId=267227277&v=7.4.0&fw=FirebaseUI-web" ({})
JavaScript warning: https://www.googletagmanager.com/gtag/js?id=G-78PPLF47WW, line 357: Script terminated by timeout at:
co@https://www.googletagmanager.com/gtag/js?id=G-78PPLF47WW:357:135
EF@https://www.googletagmanager.com/gtag/js?id=G-78PPLF47WW:589:393
YF.prototype.H@https://www.googletagmanager.com/gtag/js?id=G-78PPLF47WW:601:80
YF.prototype.add@https://www.googletagmanager.com/gtag/js?id=G-78PPLF47WW:602:191
ba.Lj@https://www.googletagmanager.com/gtag/js?id=G-78PPLF47WW:619:135
ba.Lm@https://www.googletagmanager.com/gtag/js?id=G-78PPLF47WW:619:56
ba.Km/</<@https://www.googletagmanager.com/gtag/js?id=G-78PPLF47WW:616:104
Jk@https://www.googletagmanager.com/gtag/js?id=G-78PPLF47WW:312:151
il@https://www.googletagmanager.com/gtag/js?id=G-78PPLF47WW:318:70
ba.Km/<@https://www.googletagmanager.com/gtag/js?id=G-78PPLF47WW:616:90
c@https://www.googletagmanager.com/gtag/js?id=G-78PPLF47WW:443:169
Jt@https://www.googletagmanager.com/gtag/js?id=G-78PPLF47WW:444:269
ba.Km@https://www.googletagmanager.com/gtag/js?id=G-78PPLF47WW:616:76
c@https://www.googletagmanager.com/gtag/js?id=G-78PPLF47WW:631:675
Am@https://www.googletagmanager.com/gtag/js?id=G-78PPLF47WW:331:1
zm.prototype.flush@https://www.googletagmanager.com/gtag/js?id=G-78PPLF47WW:333:278
zm.prototype.push@https://www.googletagmanager.com/gtag/js?id=G-78PPLF47WW:331:395
sm@https://www.googletagmanager.com/gtag/js?id=G-78PPLF47WW:328:743
lH/<@https://www.googletagmanager.com/gtag/js?id=G-78PPLF47WW:632:178
ba.Vk/<@https://www.googletagmanager.com/gtag/js?id=G-78PPLF47WW:574:126
ba.Vk/c/<@https://www.googletagmanager.com/gtag/js?id=G-78PPLF47WW:573:420

JavaScript error: resource://gre/modules/AsyncShutdown.sys.mjs, line 569: NotFoundError: No such JSProcessActor 'DevToolsProcess'
JavaScript error: resource://gre/modules/AsyncShutdown.sys.mjs, line 569: NotFoundError: No such JSProcessActor 'DevToolsProcess'
JavaScript error: resource://gre/modules/AsyncShutdown.sys.mjs, line 569: NotFoundError: No such JSProcessActor 'DevToolsProcess'
JavaScript error: resource://gre/modules/AsyncShutdown.sys.mjs, line 569: NotFoundError: No such JSProcessActor 'DevToolsProcess'
JavaScript error: resource://gre/modules/AsyncShutdown.sys.mjs, line 569: NotFoundError: No such JSProcessActor 'DevToolsProcess'
1723269155474	Marionette	INFO	Stopped listening on port 53933
Dynamically enable window occlusion 1
console.error: "Error in worker resource://devtools/client/shared/source-map-loader/worker.js" ": "
1723269177912	geckodriver	INFO	Listening on 127.0.0.1:54231
1723269180962	mozrunner::runner	INFO	Running command: "C:\\Program Files\\Mozilla Firefox\\firefox.exe" "--marionette" "--window-size=1900,1980" "--disable-web-se ... 2" "--remote-allow-hosts" "localhost" "-no-remote" "-profile" "C:\\Users\\osori\\AppData\\Local\\Temp\\rust_mozprofile8yflfy"
console.warn: services.settings: Ignoring preference override of remote settings server
console.warn: services.settings: Allow by setting MOZ_REMOTE_SETTINGS_DEVTOOLS=1 in the environment
Dynamically enable window occlusion 0
1723269181263	Marionette	INFO	Marionette enabled
console.error: "Warning: unrecognized command line flag" "-window-size"
console.error: "Warning: unrecognized command line flag" "-disable-web-security"
console.error: "Warning: unrecognized command line flag" "-disable-notifications"
console.error: "Warning: unrecognized command line flag" "-no-sandbox"
console.error: "Warning: unrecognized command line flag" "-no-default-browser-check"
console.error: "Warning: unrecognized command line flag" "-no-proxy-server"
1723269181400	Marionette	INFO	Listening on port 54240
WebDriver BiDi listening on ws://127.0.0.1:54232
Read port: 54240
1723269181564	RemoteAgent	WARN	TLS certificate errors will be ignored for this session
console.warn: LoginRecipes: "Falling back to a synchronous message for: https://login.microsoftonline.com."
console.warn: LoginRecipes: "Falling back to a synchronous message for: https://login.microsoftonline.com."
console.warn: LoginRecipes: "Falling back to a synchronous message for: https://login.live.com."
console.warn: LoginRecipes: "Falling back to a synchronous message for: https://login.live.com."
JavaScript warning: https://logincdn.msftauth.net/shared/5/chunks/oneds-analytics-js_efec60deb08866930a01_es.js, line 2: Script terminated by timeout at:
41696/n/</n.setUnloading@https://logincdn.msftauth.net/shared/5/chunks/oneds-analytics-js_efec60deb08866930a01_es.js:2:78000
r@https://logincdn.msftauth.net/shared/5/chunks/oneds-analytics-js_efec60deb08866930a01_es.js:2:78898

1723269212186	addons.xpi	ERROR	System addon update list error SyntaxError: XMLHttpRequest.open: 'http://%(server)s/dummy-system-addons.xml' is not a valid URL.
console.warn: WindowsJumpLists: "Failed to fetch favicon for " "https://geovisor-igac.firebaseapp.com/__/auth/handler?code=M.C555_BAY.2.U.248bfff5-9b9b-4798-c4a1-144b6c0e3d89&state=AMbdmDnXe5bjcpjc46QxjhKMFGoPExNEW1rpgLsxWZCAhjXhK9AlkcWG0MMR_Fn2kQZRkDVYyPpAiXPndZ8sR1bD6iDksmYNfVXDCs28B0zdy3HXdCxcxa1MzceGzcBkeC18PdSkbQk1zqoKEXCD6suM4Sryokwt1_vzeokUDgqoZScZUy1t_Eo3M17kfY93Pqo900EIyn7VDGVKRur4yM6891st3dE-r8ES2VfCDKuBWbGtrdNgf7BsmrDiZmx03xp9tn8xMEOjkl_Vx1WChDg6Nx-aMKMP7AdTI6sKrVMvZVz941eIbIUzpw6xPwniplDFZSSoPnQRUNDQoPVNRqnJHuW-_OnBJg" ({})
console.warn: WindowsJumpLists: "Failed to fetch favicon for " "https://geovisor-igac.firebaseapp.com/__/auth/handler?apiKey=AIzaSyCLSp_Qbaohj8owxrpZxvrmxUSkVw0ukig&appName=%5BDEFAULT%5D-firebaseui-temp&authType=signInViaPopup&providerId=microsoft.com&eventId=480310691&v=7.4.0&fw=FirebaseUI-web" ({})
console.warn: WindowsJumpLists: "Failed to fetch favicon for " "https://geovisor-igac.firebaseapp.com/__/auth/handler?code=M.C555_BAY.2.U.248bfff5-9b9b-4798-c4a1-144b6c0e3d89&state=AMbdmDnXe5bjcpjc46QxjhKMFGoPExNEW1rpgLsxWZCAhjXhK9AlkcWG0MMR_Fn2kQZRkDVYyPpAiXPndZ8sR1bD6iDksmYNfVXDCs28B0zdy3HXdCxcxa1MzceGzcBkeC18PdSkbQk1zqoKEXCD6suM4Sryokwt1_vzeokUDgqoZScZUy1t_Eo3M17kfY93Pqo900EIyn7VDGVKRur4yM6891st3dE-r8ES2VfCDKuBWbGtrdNgf7BsmrDiZmx03xp9tn8xMEOjkl_Vx1WChDg6Nx-aMKMP7AdTI6sKrVMvZVz941eIbIUzpw6xPwniplDFZSSoPnQRUNDQoPVNRqnJHuW-_OnBJg" ({})
console.warn: WindowsJumpLists: "Failed to fetch favicon for " "https://geovisor-igac.firebaseapp.com/__/auth/handler?apiKey=AIzaSyCLSp_Qbaohj8owxrpZxvrmxUSkVw0ukig&appName=%5BDEFAULT%5D-firebaseui-temp&authType=signInViaPopup&providerId=microsoft.com&eventId=480310691&v=7.4.0&fw=FirebaseUI-web" ({})
console.warn: WindowsJumpLists: "Failed to fetch favicon for " "https://geovisor-igac.firebaseapp.com/__/auth/handler?code=M.C555_BAY.2.U.248bfff5-9b9b-4798-c4a1-144b6c0e3d89&state=AMbdmDnXe5bjcpjc46QxjhKMFGoPExNEW1rpgLsxWZCAhjXhK9AlkcWG0MMR_Fn2kQZRkDVYyPpAiXPndZ8sR1bD6iDksmYNfVXDCs28B0zdy3HXdCxcxa1MzceGzcBkeC18PdSkbQk1zqoKEXCD6suM4Sryokwt1_vzeokUDgqoZScZUy1t_Eo3M17kfY93Pqo900EIyn7VDGVKRur4yM6891st3dE-r8ES2VfCDKuBWbGtrdNgf7BsmrDiZmx03xp9tn8xMEOjkl_Vx1WChDg6Nx-aMKMP7AdTI6sKrVMvZVz941eIbIUzpw6xPwniplDFZSSoPnQRUNDQoPVNRqnJHuW-_OnBJg" ({})
console.warn: WindowsJumpLists: "Failed to fetch favicon for " "https://geovisor-igac.firebaseapp.com/__/auth/handler?apiKey=AIzaSyCLSp_Qbaohj8owxrpZxvrmxUSkVw0ukig&appName=%5BDEFAULT%5D-firebaseui-temp&authType=signInViaPopup&providerId=microsoft.com&eventId=480310691&v=7.4.0&fw=FirebaseUI-web" ({})
console.warn: WindowsJumpLists: "Failed to fetch favicon for " "https://geovisor-igac.firebaseapp.com/__/auth/handler?code=M.C555_BAY.2.U.248bfff5-9b9b-4798-c4a1-144b6c0e3d89&state=AMbdmDnXe5bjcpjc46QxjhKMFGoPExNEW1rpgLsxWZCAhjXhK9AlkcWG0MMR_Fn2kQZRkDVYyPpAiXPndZ8sR1bD6iDksmYNfVXDCs28B0zdy3HXdCxcxa1MzceGzcBkeC18PdSkbQk1zqoKEXCD6suM4Sryokwt1_vzeokUDgqoZScZUy1t_Eo3M17kfY93Pqo900EIyn7VDGVKRur4yM6891st3dE-r8ES2VfCDKuBWbGtrdNgf7BsmrDiZmx03xp9tn8xMEOjkl_Vx1WChDg6Nx-aMKMP7AdTI6sKrVMvZVz941eIbIUzpw6xPwniplDFZSSoPnQRUNDQoPVNRqnJHuW-_OnBJg" ({})
console.warn: WindowsJumpLists: "Failed to fetch favicon for " "https://geovisor-igac.firebaseapp.com/__/auth/handler?apiKey=AIzaSyCLSp_Qbaohj8owxrpZxvrmxUSkVw0ukig&appName=%5BDEFAULT%5D-firebaseui-temp&authType=signInViaPopup&providerId=microsoft.com&eventId=480310691&v=7.4.0&fw=FirebaseUI-web" ({})
console.warn: WindowsJumpLists: "Failed to fetch favicon for " "https://geovisor-igac.firebaseapp.com/__/auth/handler?code=M.C555_BAY.2.U.248bfff5-9b9b-4798-c4a1-144b6c0e3d89&state=AMbdmDnXe5bjcpjc46QxjhKMFGoPExNEW1rpgLsxWZCAhjXhK9AlkcWG0MMR_Fn2kQZRkDVYyPpAiXPndZ8sR1bD6iDksmYNfVXDCs28B0zdy3HXdCxcxa1MzceGzcBkeC18PdSkbQk1zqoKEXCD6suM4Sryokwt1_vzeokUDgqoZScZUy1t_Eo3M17kfY93Pqo900EIyn7VDGVKRur4yM6891st3dE-r8ES2VfCDKuBWbGtrdNgf7BsmrDiZmx03xp9tn8xMEOjkl_Vx1WChDg6Nx-aMKMP7AdTI6sKrVMvZVz941eIbIUzpw6xPwniplDFZSSoPnQRUNDQoPVNRqnJHuW-_OnBJg" ({})
console.warn: WindowsJumpLists: "Failed to fetch favicon for " "https://geovisor-igac.firebaseapp.com/__/auth/handler?apiKey=AIzaSyCLSp_Qbaohj8owxrpZxvrmxUSkVw0ukig&appName=%5BDEFAULT%5D-firebaseui-temp&authType=signInViaPopup&providerId=microsoft.com&eventId=480310691&v=7.4.0&fw=FirebaseUI-web" ({})
console.warn: WindowsJumpLists: "Failed to fetch favicon for " "https://geovisor-igac.firebaseapp.com/__/auth/handler?code=M.C555_BAY.2.U.248bfff5-9b9b-4798-c4a1-144b6c0e3d89&state=AMbdmDnXe5bjcpjc46QxjhKMFGoPExNEW1rpgLsxWZCAhjXhK9AlkcWG0MMR_Fn2kQZRkDVYyPpAiXPndZ8sR1bD6iDksmYNfVXDCs28B0zdy3HXdCxcxa1MzceGzcBkeC18PdSkbQk1zqoKEXCD6suM4Sryokwt1_vzeokUDgqoZScZUy1t_Eo3M17kfY93Pqo900EIyn7VDGVKRur4yM6891st3dE-r8ES2VfCDKuBWbGtrdNgf7BsmrDiZmx03xp9tn8xMEOjkl_Vx1WChDg6Nx-aMKMP7AdTI6sKrVMvZVz941eIbIUzpw6xPwniplDFZSSoPnQRUNDQoPVNRqnJHuW-_OnBJg" ({})
console.warn: WindowsJumpLists: "Failed to fetch favicon for " "https://geovisor-igac.firebaseapp.com/__/auth/handler?apiKey=AIzaSyCLSp_Qbaohj8owxrpZxvrmxUSkVw0ukig&appName=%5BDEFAULT%5D-firebaseui-temp&authType=signInViaPopup&providerId=microsoft.com&eventId=480310691&v=7.4.0&fw=FirebaseUI-web" ({})
console.warn: WindowsJumpLists: "Failed to fetch favicon for " "https://geovisor-igac.firebaseapp.com/__/auth/handler?code=M.C555_BAY.2.U.248bfff5-9b9b-4798-c4a1-144b6c0e3d89&state=AMbdmDnXe5bjcpjc46QxjhKMFGoPExNEW1rpgLsxWZCAhjXhK9AlkcWG0MMR_Fn2kQZRkDVYyPpAiXPndZ8sR1bD6iDksmYNfVXDCs28B0zdy3HXdCxcxa1MzceGzcBkeC18PdSkbQk1zqoKEXCD6suM4Sryokwt1_vzeokUDgqoZScZUy1t_Eo3M17kfY93Pqo900EIyn7VDGVKRur4yM6891st3dE-r8ES2VfCDKuBWbGtrdNgf7BsmrDiZmx03xp9tn8xMEOjkl_Vx1WChDg6Nx-aMKMP7AdTI6sKrVMvZVz941eIbIUzpw6xPwniplDFZSSoPnQRUNDQoPVNRqnJHuW-_OnBJg" ({})
console.warn: WindowsJumpLists: "Failed to fetch favicon for " "https://geovisor-igac.firebaseapp.com/__/auth/handler?apiKey=AIzaSyCLSp_Qbaohj8owxrpZxvrmxUSkVw0ukig&appName=%5BDEFAULT%5D-firebaseui-temp&authType=signInViaPopup&providerId=microsoft.com&eventId=480310691&v=7.4.0&fw=FirebaseUI-web" ({})
console.warn: WindowsJumpLists: "Failed to fetch favicon for " "https://geovisor-igac.firebaseapp.com/__/auth/handler?code=M.C555_BAY.2.U.248bfff5-9b9b-4798-c4a1-144b6c0e3d89&state=AMbdmDnXe5bjcpjc46QxjhKMFGoPExNEW1rpgLsxWZCAhjXhK9AlkcWG0MMR_Fn2kQZRkDVYyPpAiXPndZ8sR1bD6iDksmYNfVXDCs28B0zdy3HXdCxcxa1MzceGzcBkeC18PdSkbQk1zqoKEXCD6suM4Sryokwt1_vzeokUDgqoZScZUy1t_Eo3M17kfY93Pqo900EIyn7VDGVKRur4yM6891st3dE-r8ES2VfCDKuBWbGtrdNgf7BsmrDiZmx03xp9tn8xMEOjkl_Vx1WChDg6Nx-aMKMP7AdTI6sKrVMvZVz941eIbIUzpw6xPwniplDFZSSoPnQRUNDQoPVNRqnJHuW-_OnBJg" ({})
console.warn: WindowsJumpLists: "Failed to fetch favicon for " "https://geovisor-igac.firebaseapp.com/__/auth/handler?apiKey=AIzaSyCLSp_Qbaohj8owxrpZxvrmxUSkVw0ukig&appName=%5BDEFAULT%5D-firebaseui-temp&authType=signInViaPopup&providerId=microsoft.com&eventId=480310691&v=7.4.0&fw=FirebaseUI-web" ({})
console.error: (new TypeError("container.node.targetFront is null", "resource://devtools/client/inspector/markup/markup.js", 2415))
console.error: (new TypeError("container.node.targetFront is null", "resource://devtools/client/inspector/markup/markup.js", 2415))
console.error: (new TypeError("container.node.targetFront is null", "resource://devtools/client/inspector/markup/markup.js", 2415))
console.error: (new TypeError("container.node.targetFront is null", "resource://devtools/client/inspector/markup/markup.js", 2415))
console.error: (new TypeError("container.node.targetFront is null", "resource://devtools/client/inspector/markup/markup.js", 2415))
console.error: (new TypeError("container.node.targetFront is null", "resource://devtools/client/inspector/markup/markup.js", 2415))
console.warn: WindowsJumpLists: "Failed to fetch favicon for " "https://geovisor-igac.firebaseapp.com/__/auth/handler?code=M.C555_BAY.2.U.248bfff5-9b9b-4798-c4a1-144b6c0e3d89&state=AMbdmDnXe5bjcpjc46QxjhKMFGoPExNEW1rpgLsxWZCAhjXhK9AlkcWG0MMR_Fn2kQZRkDVYyPpAiXPndZ8sR1bD6iDksmYNfVXDCs28B0zdy3HXdCxcxa1MzceGzcBkeC18PdSkbQk1zqoKEXCD6suM4Sryokwt1_vzeokUDgqoZScZUy1t_Eo3M17kfY93Pqo900EIyn7VDGVKRur4yM6891st3dE-r8ES2VfCDKuBWbGtrdNgf7BsmrDiZmx03xp9tn8xMEOjkl_Vx1WChDg6Nx-aMKMP7AdTI6sKrVMvZVz941eIbIUzpw6xPwniplDFZSSoPnQRUNDQoPVNRqnJHuW-_OnBJg" ({})
console.warn: WindowsJumpLists: "Failed to fetch favicon for " "https://geovisor-igac.firebaseapp.com/__/auth/handler?apiKey=AIzaSyCLSp_Qbaohj8owxrpZxvrmxUSkVw0ukig&appName=%5BDEFAULT%5D-firebaseui-temp&authType=signInViaPopup&providerId=microsoft.com&eventId=480310691&v=7.4.0&fw=FirebaseUI-web" ({})
JavaScript error: , line 0: NotFoundError: No such JSProcessActor 'DevToolsProcess'
JavaScript error: , line 0: NotFoundError: No such JSProcessActor 'DevToolsProcess'
JavaScript error: , line 0: NotFoundError: No such JSProcessActor 'DevToolsProcess'
console.warn: WindowsJumpLists: "Failed to fetch favicon for " "https://geovisor-igac.firebaseapp.com/__/auth/handler?code=M.C555_BAY.2.U.248bfff5-9b9b-4798-c4a1-144b6c0e3d89&state=AMbdmDnXe5bjcpjc46QxjhKMFGoPExNEW1rpgLsxWZCAhjXhK9AlkcWG0MMR_Fn2kQZRkDVYyPpAiXPndZ8sR1bD6iDksmYNfVXDCs28B0zdy3HXdCxcxa1MzceGzcBkeC18PdSkbQk1zqoKEXCD6suM4Sryokwt1_vzeokUDgqoZScZUy1t_Eo3M17kfY93Pqo900EIyn7VDGVKRur4yM6891st3dE-r8ES2VfCDKuBWbGtrdNgf7BsmrDiZmx03xp9tn8xMEOjkl_Vx1WChDg6Nx-aMKMP7AdTI6sKrVMvZVz941eIbIUzpw6xPwniplDFZSSoPnQRUNDQoPVNRqnJHuW-_OnBJg" ({})
console.warn: WindowsJumpLists: "Failed to fetch favicon for " "https://geovisor-igac.firebaseapp.com/__/auth/handler?apiKey=AIzaSyCLSp_Qbaohj8owxrpZxvrmxUSkVw0ukig&appName=%5BDEFAULT%5D-firebaseui-temp&authType=signInViaPopup&providerId=microsoft.com&eventId=480310691&v=7.4.0&fw=FirebaseUI-web" ({})
JavaScript warning: https://www.googletagmanager.com/gtag/js?id=G-78PPLF47WW, line 575: Script terminated by timeout at:
ba.Bh@https://www.googletagmanager.com/gtag/js?id=G-78PPLF47WW:575:30
get@https://www.googletagmanager.com/gtag/js?id=G-78PPLF47WW:573:119
stop@https://www.googletagmanager.com/gtag/js?id=G-78PPLF47WW:573:87
ba.Vk/c/<@https://www.googletagmanager.com/gtag/js?id=G-78PPLF47WW:573:412
EventListener.handleEvent*Ec@https://www.googletagmanager.com/gtag/js?id=G-78PPLF47WW:159:186
c@https://www.googletagmanager.com/gtag/js?id=G-78PPLF47WW:573:391
ba.Vk@https://www.googletagmanager.com/gtag/js?id=G-78PPLF47WW:574:80
ba.Wk@https://www.googletagmanager.com/gtag/js?id=G-78PPLF47WW:620:279
ba.Lm@https://www.googletagmanager.com/gtag/js?id=G-78PPLF47WW:617:432
ba.Km/</<@https://www.googletagmanager.com/gtag/js?id=G-78PPLF47WW:616:104
Jk@https://www.googletagmanager.com/gtag/js?id=G-78PPLF47WW:312:151
il@https://www.googletagmanager.com/gtag/js?id=G-78PPLF47WW:318:70
ba.Km/<@https://www.googletagmanager.com/gtag/js?id=G-78PPLF47WW:616:90
c@https://www.googletagmanager.com/gtag/js?id=G-78PPLF47WW:443:169
Jt@https://www.googletagmanager.com/gtag/js?id=G-78PPLF47WW:444:269
ba.Km@https://www.googletagmanager.com/gtag/js?id=G-78PPLF47WW:616:76
c@https://www.googletagmanager.com/gtag/js?id=G-78PPLF47WW:631:675
Am@https://www.googletagmanager.com/gtag/js?id=G-78PPLF47WW:331:1
zm.prototype.flush@https://www.googletagmanager.com/gtag/js?id=G-78PPLF47WW:333:107
zm.prototype.push@https://www.googletagmanager.com/gtag/js?id=G-78PPLF47WW:331:395
config@https://www.googletagmanager.com/gtag/js?id=G-78PPLF47WW:492:258
ty@https://www.googletagmanager.com/gtag/js?id=G-78PPLF47WW:503:477
vy@https://www.googletagmanager.com/gtag/js?id=G-78PPLF47WW:505:43
setTimeout handler*I@https://www.googletagmanager.com/gtag/js?id=G-78PPLF47WW:159:379
xy@https://www.googletagmanager.com/gtag/js?id=G-78PPLF47WW:508:417
@https://www.googletagmanager.com/gtag/js?id=G-78PPLF47WW:697:5
c@https://www.googletagmanager.com/gtag/js?id=G-78PPLF47WW:690:130
@https://www.googletagmanager.com/gtag/js?id=G-78PPLF47WW:692:382
@https://www.googletagmanager.com/gtag/js?id=G-78PPLF47WW:692:387
@https://www.googletagmanager.com/gtag/js?id=G-78PPLF47WW:703:3

1723270399634	Marionette	INFO	Stopped listening on port 54240
Dynamically enable window occlusion 1
1723272049081	geckodriver	INFO	Listening on 127.0.0.1:55869
1723272052129	mozrunner::runner	INFO	Running command: "C:\\Program Files\\Mozilla Firefox\\firefox.exe" "--marionette" "--window-size=1900,1980" "--disable-web-se ... 0" "--remote-allow-hosts" "localhost" "-no-remote" "-profile" "C:\\Users\\osori\\AppData\\Local\\Temp\\rust_mozprofileTEk05g"
console.warn: services.settings: Ignoring preference override of remote settings server
console.warn: services.settings: Allow by setting MOZ_REMOTE_SETTINGS_DEVTOOLS=1 in the environment
Dynamically enable window occlusion 0
1723272055955	Marionette	INFO	Marionette enabled
console.error: "Warning: unrecognized command line flag" "-window-size"
console.error: "Warning: unrecognized command line flag" "-disable-web-security"
console.error: "Warning: unrecognized command line flag" "-disable-notifications"
console.error: "Warning: unrecognized command line flag" "-no-sandbox"
console.error: "Warning: unrecognized command line flag" "-no-default-browser-check"
console.error: "Warning: unrecognized command line flag" "-no-proxy-server"
1723272056115	Marionette	INFO	Listening on port 55903
WebDriver BiDi listening on ws://127.0.0.1:55870
Read port: 55903
1723272056342	RemoteAgent	WARN	TLS certificate errors will be ignored for this session
console.warn: LoginRecipes: "Falling back to a synchronous message for: https://login.microsoftonline.com."
console.warn: LoginRecipes: "Falling back to a synchronous message for: https://login.microsoftonline.com."
JavaScript warning: https://aadcdn.msftauth.net/shared/1.0/content/js/oneDs_f2e0f4a029670f10d892.js, line 6: Script terminated by timeout at:
T@https://aadcdn.msftauth.net/shared/1.0/content/js/oneDs_f2e0f4a029670f10d892.js:6:55863
O/n.get@https://aadcdn.msftauth.net/shared/1.0/content/js/oneDs_f2e0f4a029670f10d892.js:6:54999
P@https://aadcdn.msftauth.net/shared/1.0/content/js/oneDs_f2e0f4a029670f10d892.js:6:5486
e/</e.getAnid@https://aadcdn.msftauth.net/shared/1.0/content/js/oneDs_f2e0f4a029670f10d892.js:6:42767
e/</e.applyIntWebContext@https://aadcdn.msftauth.net/shared/1.0/content/js/oneDs_f2e0f4a029670f10d892.js:6:49017
t/l</e.processTelemetry@https://aadcdn.msftauth.net/shared/1.0/content/js/oneDs_f2e0f4a029670f10d892.js:6:58812
p/</processTelemetry/<@https://aadcdn.msftauth.net/shared/1.0/content/js/oneDs_f2e0f4a029670f10d892.js:6:34428
p/</h/p<@https://aadcdn.msftauth.net/shared/1.0/content/js/oneDs_f2e0f4a029670f10d892.js:6:35305
f@https://aadcdn.msftauth.net/shared/1.0/content/js/oneDs_f2e0f4a029670f10d892.js:6:30942
h@https://aadcdn.msftauth.net/shared/1.0/content/js/oneDs_f2e0f4a029670f10d892.js:6:35209
processTelemetry@https://aadcdn.msftauth.net/shared/1.0/content/js/oneDs_f2e0f4a029670f10d892.js:6:34312
d/u[r.G]@https://aadcdn.msftauth.net/shared/1.0/content/js/oneDs_f2e0f4a029670f10d892.js:6:33348
e/</e.track@https://aadcdn.msftauth.net/shared/1.0/content/js/oneDs_f2e0f4a029670f10d892.js:6:100393
m/a/<@https://aadcdn.msftauth.net/shared/1.0/content/js/oneDs_f2e0f4a029670f10d892.js:6:2515
t/d</e.track/<@https://aadcdn.msftauth.net/shared/1.0/content/js/oneDs_f2e0f4a029670f10d892.js:6:106223
f@https://aadcdn.msftauth.net/shared/1.0/content/js/oneDs_f2e0f4a029670f10d892.js:6:30942
t/d</e.track@https://aadcdn.msftauth.net/shared/1.0/content/js/oneDs_f2e0f4a029670f10d892.js:6:106017
m/a/<@https://aadcdn.msftauth.net/shared/1.0/content/js/oneDs_f2e0f4a029670f10d892.js:6:2515
t/d</e.track/<@https://aadcdn.msftauth.net/shared/1.0/content/js/oneDs_f2e0f4a029670f10d892.js:6:52551
f@https://aadcdn.msftauth.net/shared/1.0/content/js/oneDs_f2e0f4a029670f10d892.js:6:30942
t/d</e.track@https://aadcdn.msftauth.net/shared/1.0/content/js/oneDs_f2e0f4a029670f10d892.js:6:52222
o/</e.prototype._postToAppInsights@https://aadcdn.msftauth.net/shared/1.0/content/js/ConvergedLogin_PCore_CCN0bXNsyKGzo-is1AL9Ow2.js:18:161041
o/</e.prototype.post@https://aadcdn.msftauth.net/shared/1.0/content/js/ConvergedLogin_PCore_CCN0bXNsyKGzo-is1AL9Ow2.js:18:160667
o/</e.prototype.post@https://aadcdn.msftauth.net/shared/1.0/content/js/ConvergedLogin_PCore_CCN0bXNsyKGzo-is1AL9Ow2.js:18:158970
o/</e.prototype.post@https://aadcdn.msftauth.net/shared/1.0/content/js/ConvergedLogin_PCore_CCN0bXNsyKGzo-is1AL9Ow2.js:18:165737
t@https://aadcdn.msftauth.net/shared/1.0/content/js/ConvergedLogin_PCore_CCN0bXNsyKGzo-is1AL9Ow2.js:18:167170

console.warn: LoginRecipes: "Falling back to a synchronous message for: https://login.live.com."
console.warn: LoginRecipes: "Falling back to a synchronous message for: https://login.live.com."
1723272086451	addons.xpi	ERROR	System addon update list error SyntaxError: XMLHttpRequest.open: 'http://%(server)s/dummy-system-addons.xml' is not a valid URL.
JavaScript warning: https://www.googletagmanager.com/gtag/js?id=G-78PPLF47WW, line 301: Script terminated by timeout at:
rk@https://www.googletagmanager.com/gtag/js?id=G-78PPLF47WW:301:124
Ck@https://www.googletagmanager.com/gtag/js?id=G-78PPLF47WW:309:1085
oo/<@https://www.googletagmanager.com/gtag/js?id=G-78PPLF47WW:366:155
oo@https://www.googletagmanager.com/gtag/js?id=G-78PPLF47WW:366:123
no@https://www.googletagmanager.com/gtag/js?id=G-78PPLF47WW:359:332
UG@https://www.googletagmanager.com/gtag/js?id=G-78PPLF47WW:626:280
ba.Lm@https://www.googletagmanager.com/gtag/js?id=G-78PPLF47WW:618:116
ba.Km/</<@https://www.googletagmanager.com/gtag/js?id=G-78PPLF47WW:616:104
Jk@https://www.googletagmanager.com/gtag/js?id=G-78PPLF47WW:312:151
il@https://www.googletagmanager.com/gtag/js?id=G-78PPLF47WW:318:70
ba.Km/<@https://www.googletagmanager.com/gtag/js?id=G-78PPLF47WW:616:90
c@https://www.googletagmanager.com/gtag/js?id=G-78PPLF47WW:443:169
Jt@https://www.googletagmanager.com/gtag/js?id=G-78PPLF47WW:444:269
ba.Km@https://www.googletagmanager.com/gtag/js?id=G-78PPLF47WW:616:76
c@https://www.googletagmanager.com/gtag/js?id=G-78PPLF47WW:631:675
Am@https://www.googletagmanager.com/gtag/js?id=G-78PPLF47WW:331:1
zm.prototype.flush@htRead port: 56069
Read port: 56069
1723272150531	RemoteAgent	WARN	TLS certificate errors will be ignored for this session
console.warn: LoginRecipes: "Falling back to a synchronous message for: https://login.microsoftonline.com."
console.warn: LoginRecipes: "Falling back to a synchronous message for: https://login.microsoftonline.com."
console.warn: LoginRecipes: "Falling back to a synchronous message for: https://login.live.com."
console.warn: LoginRecipes: "Falling back to a synchronous message for: https://login.live.com."
JavaScript warning: https://logincdn.msftauth.net/shared/5/chunks/oneds-analytics-js_efec60deb08866930a01_es.js, line 2: Script terminated by timeout at:
41696/n/</n.setUnloading@https://logincdn.msftauth.net/shared/5/chunks/oneds-analytics-js_efec60deb08866930a01_es.js:2:78000
r@https://logincdn.msftauth.net/shared/5/chunks/oneds-analytics-js_efec60deb08866930a01_es.js:2:78898

1723272175447	addons.xpi	ERROR	System addon update list error SyntaxError: XMLHttpRequest.open: 'http://%(server)s/dummy-system-addons.xml' is not a valid URL.
JavaScript warning: https://www.googletagmanager.com/gtag/js1723272239493	mozrunner::runner	INFO	Running command: "C:\\Program Files\\Mozilla Firefox\\firefox.exe" "--marionette" "--window-size=1900,1980" "--disable-web-se ... 9" "--remote-allow-hosts" "localhost" "-no-remote" "-profile" "C:\\Users\\osori\\AppData\\Local\\Temp\\rust_mozprofileTdswMA"
console.warn: services.settings: Ignoring preference override of remote settings server
console.warn: services.settings: Allow by setting MOZ_REMOTE_SETTINGS_DEVTOOLS=1 in the environment
Dynamically enable window occlusion 0
1723272244006	Marionette	INFO	Marionette enabled
console.error: "Warning: unrecognized command line flag" "-window-size"
console.error: "Warning: unrecognized command line flag" "-disable-web-security"
console.error: "Warning: unrecognized command line flag" "-disable-notifications"
console.error: "Warning: unrecognized command line flag" "-no-sandbox"
console.error: "Warning: unrecognized command line flag" "-no-default-browser-check"
console.error: "Warning: unrecognized command line flag" "-no-proxy-server"
1723272244286	Marionette	INFO	Listening on port 56197
WebDriver BiDi listening on ws://127.0.0.1:56189
Read port: 56197
1723272244480	RemoteAgent	WARN	TLS certificate errors will be ignored for this session
console.warn: LoginRecipes: "Falling back to a synchronous message for: https://login.microsoftonline.com."
console.warn: LoginRecipes: "Falling back to a synchronous message for: https://login.microsoftonline.com."
console.warn: LoginRecipes: "Falling back to a synchronous message for: https://login.live.com."
console.warn: LoginRecipes: "Falling back to a synchronous message for: https://login.live.com."
JavaScript warning: https://logincdn.msftauth.net/shared/5/chunks/oneds-analytics-js_efec60deb08866930a01_es.js, line 2: Script terminated by timeout at:
41696/n/</n.setUnloading@https://logincdn.msftauth.net/shared/5/chunks/oneds-analytics-js_efec60deb08866930a01_es.js:2:78000
r@https://logincdn.msftauth.net/shared/5/chunks/oneds-analytics-js_efec60deb08866930a01_es.js:2:78898

1723272274023	addons.xpi	ERROR	System addon update list error SyntaxError: XMLHttpRequest.open: 'http://%(server)s/dummy-system-addons.xml' is not a valid URL.
console.warn: WindowsJumpLists: "Failed to fetch favicon for " "https://geovisor-igac.firebaseapp.com/__/auth/handler?code=M.C555_BAY.2.U.fe2b6c5b-ae3d-1ff8-0542-c87f6e91b1b0&state=AMbdmDmiFNTNC60Ai_L_F8Q9lmApyHICVwFL_BXedcEpmU14xiEjWn2bG3oE-5Ub9ARvHPW1op2SK8QliXBP2z_s8n6_TGlWfSILhMlxcjoLX9CMMOdQTKxraO_C5HsG8gRO49BwzQIyuimzIaUo1urlKQilyvtZ4JRTRRZJEN9JBXSscsldOdZwYvXvasbvqckFEZxHfs8a87KR1A38r_EaFEYp7kkmaKum5skA7u0rnwbixjUiWtQTTSOW0MYvzGrraGhEyg3n2wLv001bIB1QAxoePXCgzrrfyLy-PeGheN2hOwHksQQAYrxm8OjA8m09KX7MBDExunxp07-cn8b5TsLwgEURRA" ({})
console.warn: WindowsJumpLists: "Failed to fetch favicon for " "https://geovisor-igac.firebaseapp.com/__/auth/handler?apiKey=AIzaSyCLSp_Qbaohj8owxrpZxvrmxUSkVw0ukig&appName=%5BDEFAULT%5D-firebaseui-temp&authType=signInViaPopup&providerId=microsoft.com&eventId=125139544&v=7.4.0&fw=FirebaseUI-web" ({})
console.warn: WindowsJumpLists: "Failed to fetch favicon for " "https://geovisor-igac.firebaseapp.com/__/auth/handler?code=M.C555_BAY.2.U.fe2b6c5b-ae3d-1ff8-0542-c87f6e91b1b0&state=AMbdmDmiFNTNC60Ai_L_F8Q9lmApyHICVwFL_BXedcEpmU14xiEjWn2bG3oE-5Ub9ARvHPW1op2SK8QliXBP2z_s8n6_TGlWfSILhMlxcjoLX9CMMOdQTKxraO_C5HsG8gRO49BwzQIyuimzIaUo1urlKQilyvtZ4JRTRRZJEN9JBXSscsldOdZwYvXvasbvqckFEZxHfs8a87KR1A38r_EaFEYp7kkmaKum5skA7u0rnwbixjUiWtQTTSOW0MYvzGrraGhEyg3n2wLv001bIB1QAxoePXCgzrrfyLy-PeGheN2hOwHksQQAYrxm8OjA8m09KX7MBDExunxp07-cn8b5TsLwgEURRA" ({})
console.warn: WindowsJumpLists: "Failed to fetch favicon for " "https://geovisor-igac.firebaseapp.com/__/auth/handler?apiKey=AIzaSyCLSp_Qbaohj8owxrpZxvrmxUSkVw0ukig&appName=%5BDEFAULT%5D-firebaseui-temp&authType=signInViaPopup&providerId=microsoft.com&eventId=125139544&v=7.4.0&fw=FirebaseUI-web" ({})
console.warn: WindowsJumpLists: "Failed to fetch favicon for " "https://geovisor-igac.firebaseapp.com/__/auth/handler?code=M.C555_BAY.2.U.fe2b6c5b-ae3d-1ff8-0542-c87f6e91b1b0&state=AMbdmDmiFNTNC60Ai_L_F8Q9lmApyHICVwFL_BXedcEpmU14xiEjWn2bG3oE-5Ub9ARvHPW1op2SK8QliXBP2z_s8n6_TGlWfSILhMlxcjoLX9CMMOdQTKxraO_C5HsG8gRO49BwzQIyuimzIaUo1urlKQilyvtZ4JRTRRZJEN9JBXSscsldOdZwYvXvasbvqckFEZxHfs8a87KR1A38r_EaFEYp7kkmaKum5skA7u0rnwbixjUiWtQTTSOW0MYvzGrraGhEyg3n2wLv001bIB1QAxoePXCgzrrfyLy-PeGheN2hOwHksQQAYrxm8OjA8m09KX7MBDExunxp07-cn8b5TsLwgEURRA" ({})
console.warn: WindowsJumpLists: "Failed to fetch favicon for " "https://geovisor-igac.firebaseapp.com/__/auth/handler?apiKey=AIzaSyCLSp_Qbaohj8owxrpZxvrmxUSkVw0ukig&appName=%5BDEFAULT%5D-firebaseui-temp&authType=signInViaPopup&providerId=microsoft.com&eventId=125139544&v=7.4.0&fw=FirebaseUI-web" ({})
console.warn: WindowsJumpLists: "Failed to fetch favicon for " "https://geovisor-igac.firebaseapp.com/__/auth/handler?code=M.C555_BAY.2.U.fe2b6c5b-ae3d-1ff8-0542-c87f6e91b1b0&state=AMbdmDmiFNTNC60Ai_L_F8Q9lmApyHICVwFL_BXedcEpmU14xiEjWn2bG3oE-5Ub9ARvHPW1op2SK8QliXBP2z_s8n6_TGlWfSILhMlxcjoLX9CMMOdQTKxraO_C5HsG8gRO49BwzQIyuimzIaUo1urlKQilyvtZ4JRTRRZJEN9JBXSscsldOdZwYvXvasbvqckFEZxHfs8a87KR1A38r_EaFEYp7kkmaKum5skA7u0rnwbixjUiWtQTTSOW0MYvzGrraGhEyg3n2wLv001bIB1QAxoePXCgzrrfyLy-PeGheN2hOwHksQQAYrxm8OjA8m09KX7MBDExunxp07-cn8b5TsLwgEURRA" ({})
console.warn: WindowsJumpLists: "Failed to fetch favicon for " "https://geovisor-igac.firebaseapp.com/__/auth/handler?apiKey=AIzaSyCLSp_Qbaohj8owxrpZxvrmxUSkVw0ukig&appName=%5BDEFAULT%5D-firebaseui-temp&authType=signInViaPopup&providerId=microsoft.com&eventId=125139544&v=7.4.0&fw=FirebaseUI-web" ({})
console.warn: WindowsJumpLists: "Failed to fetch favicon for " "https://geovisor-igac.firebaseapp.com/__/auth/handler?code=M.C555_BAY.2.U.fe2b6c5b-ae3d-1ff8-0542-c87f6e91b1b0&state=AMbdmDmiFNTNC60Ai_L_F8Q9lmApyHICVwFL_BXedcEpmU14xiEjWn2bG3oE-5Ub9ARvHPW1op2SK8QliXBP2z_s8n6_TGlWfSILhMlxcjoLX9CMMOdQTKxraO_C5HsG8gRO49BwzQIyuimzIaUo1urlKQilyvtZ4JRTRRZJEN9JBXSscsldOdZwYvXvasbvqckFEZxHfs8a87KR1A38r_EaFEYp7kkmaKum5skA7u0rnwbixjUiWtQTTSOW0MYvzGrraGhEyg3n2wLv001bIB1QAxoePXCgzrrfyLy-PeGheN2hOwHksQQAYrxm8OjA8m09KX7MBDExunxp07-cn8b5TsLwgEURRA" ({})
console.warn: WindowsJumpLists: "Failed to fetch favicon for " "https://geovisor-igac.firebaseapp.com/__/auth/handler?apiKey=AIzaSyCLSp_Qbaohj8owxrpZxvrmxUSkVw0ukig&appName=%5BDEFAULT%5D-firebaseui-temp&authType=signInViaPopup&providerId=microsoft.com&eventId=125139544&v=7.4.0&fw=FirebaseUI-web" ({})
console.warn: WindowsJumpLists: "Failed to fetch favicon for " "https://geovisor-igac.firebaseapp.com/__/auth/handler?code=M.C555_BAY.2.U.fe2b6c5b-ae3d-1ff8-0542-c87f6e91b1b0&state=AMbdmDmiFNTNC60Ai_L_F8Q9lmApyHICVwFL_BXedcEpmU14xiEjWn2bG3oE-5Ub9ARvHPW1op2SK8QliXBP2z_s8n6_TGlWfSILhMlxcjoLX9CMMOdQTKxraO_C5HsG8gRO49BwzQIyuimzIaUo1urlKQilyvtZ4JRTRRZJEN9JBXSscsldOdZwYvXvasbvqckFEZxHfs8a87KR1A38r_EaFEYp7kkmaKum5skA7u0rnwbixjUiWtQTTSOW0MYvzGrraGhEyg3n2wLv001bIB1QAxoePXCgzrrfyLy-PeGheN2hOwHksQQAYrxm8OjA8m09KX7MBDExunxp07-cn8b5TsLwgEURRA" ({})
console.warn: WindowsJumpLists: "Failed to fetch favicon for " "https://geovisor-igac.firebaseapp.com/__/auth/handler?apiKey=AIzaSyCLSp_Qbaohj8owxrpZxvrmxUSkVw0ukig&appName=%5BDEFAULT%5D-firebaseui-temp&authType=signInViaPopup&providerId=microsoft.com&eventId=125139544&v=7.4.0&fw=FirebaseUI-web" ({})
console.warn: WindowsJumpLists: "Failed to fetch favicon for " "https://geovisor-igac.firebaseapp.com/__/auth/handler?code=M.C555_BAY.2.U.fe2b6c5b-ae3d-1ff8-0542-c87f6e91b1b0&state=AMbdmDmiFNTNC60Ai_L_F8Q9lmApyHICVwFL_BXedcEpmU14xiEjWn2bG3oE-5Ub9ARvHPW1op2SK8QliXBP2z_s8n6_TGlWfSILhMlxcjoLX9CMMOdQTKxraO_C5HsG8gRO49BwzQIyuimzIaUo1urlKQilyvtZ4JRTRRZJEN9JBXSscsldOdZwYvXvasbvqckFEZxHfs8a87KR1A38r_EaFEYp7kkmaKum5skA7u0rnwbixjUiWtQTTSOW0MYvzGrraGhEyg3n2wLv001bIB1QAxoePXCgzrrfyLy-PeGheN2hOwHksQQAYrxm8OjA8m09KX7MBDExunxp07-cn8b5TsLwgEURRA" ({})
console.warn: WindowsJumpLists: "Failed to fetch favicon for " "https://geovisor-igac.firebaseapp.com/__/auth/handler?apiKey=AIzaSyCLSp_Qbaohj8owxrpZxvrmxUSkVw0ukig&appName=%5BDEFAULT%5D-firebaseui-temp&authType=signInViaPopup&providerId=microsoft.com&eventId=125139544&v=7.4.0&fw=FirebaseUI-web" ({})
JavaScript warning: https://www.googletagmanager.com/gtag/js?id=G-78PPLF47WW, line 574: Script terminated by timeout at:
ba.Bh@https://www.googletagmanager.com/gtag/js?id=G-78PPLF47WW:574:30
get@https://www.googletagmanager.com/gtag/js?id=G-78PPLF47WW:572:119
stop@https://www.googletagmanager.com/gtag/js?id=G-78PPLF47WW:572:87
ba.Vk/c/<@https://www.googletagmanager.com/gtag/js?id=G-78PPLF47WW:572:412

1723273110042	Marionette	INFO	Stopped listening on port 56197
Dynamically enable window occlusion 1
!!! error running onStopped callback: TypeError: callback is not a function
JavaScript error: chrome://remote/content/marionette/cert.sys.mjs, line 47: NS_ERROR_NOT_AVAILABLE: Component returned failure code: 0x80040111 (NS_ERROR_NOT_AVAILABLE) [nsICertOverrideService.setDisableAllSecurityChecksAndLetAttackersInterceptMyData]
1723273110617	WebDriver BiDi	ERROR	Failed to stop protocol: [Exception... "Component returned failure code: 0x80040111 (NS_ERROR_NOT_AVAILABLE) [nsICertOverrideService.setDisableAllSecurityChecksAndLetAttackersInterceptMyData]"  nsresult: "0x80040111 (NS_ERROR_NOT_AVAILABLE)"  location: "JS frame :: chrome://remote/content/marionette/cert.sys.mjs :: allowAllCerts.disable :: line 47"  data: no] Stack trace: allowAllCerts.disable()@cert.sys.mjs:47
destroy()@Session.sys.mjs:280
deleteSession()@WebDriverBiDi.sys.mjs:174
stop()@WebDriverBiDi.sys.mjs:264
WARNING: At least one completion condition is taking too long to complete. Conditions: [{"name":"CrashMonitor: Writing notifications to file after receiving profile-before-change and awaiting all checkpoints written","state":{"profile-after-change":true,"final-ui-startup":true,"sessionstore-windows-restored":true,"quit-application-granted":true,"quit-application":true,"profile-change-net-teardown":true,"profile-change-teardown":true,"profile-before-change":true},"filename":"resource://gre/modules/CrashMonitor.sys.mjs","lineNumber":165,"stack":["resource://gre/modules/CrashMonitor.sys.mjs:init:165","resource://gre/modules/nsCrashMonitor.sys.mjs:observe:20"]},{"name":"SessionFile: Finish writing Session Restore data","state":{"options":{"isFinalWrite":true,"performShutdownCleanup":true},"attempts":5,"successes":4,"failures":0},"filename":"resource:///modules/sessionstore/SessionFile.sys.mjs","lineNumber":495,"stack":["resource:///modules/sessionstore/SessionFile.sys.mjs:write:495","resource:///modules/sessionstore/SessionFile.sys.mjs:write:46","resource:///modules/sessionstore/SessionSaver.sys.mjs:_writeState:350","resource:///modules/sessionstore/SessionSaver.sys.mjs:_saveState:288","resource:///modules/sessionstore/SessionSaver.sys.mjs:run:156","resource:///modules/sessionstore/SessionSaver.sys.mjs:run:71","resource:///modules/sessionstore/SessionStore.sys.mjs:ssi_uninit:1307","resource:///modules/sessionstore/SessionStore.sys.mjs:ssi_onQuitApplication:2531","resource:///modules/sessionstore/SessionStore.sys.mjs:ssi_observe:1341"]}] Barrier: IOUtils: waiting for profileBeforeChange IO to complete
WARNING: At least one completion condition is taking too long to complete. Conditions: [{"name":"Closing ContentPrefService2 connection.","state":"(none)","filename":"resource://gre/modules/ContentPrefService2.sys.mjs","lineNumber":1220,"stack":["resource://gre/modules/ContentPrefService2.sys.mjs:_getConnection:1220"]}] Barrier: Sqlite.sys.mjs: wait until all clients have completed their task
WARNING: At least one completion condition is taking too long to complete. Conditions: [{"name":"IOUtils Blocker (profile-before-change)","state":"(none)","filename":"/builds/worker/checkouts/gecko/dom/system/IOUtils.cpp","lineNumber":2375,"stack":"IOUtils::EventQueue::SetShutdownHooks"},{"name":"BounceTrackingProtectionStorage: Flushing to disk","state":"(none)","filename":"/builds/worker/checkouts/gecko/toolkit/components/antitracking/bouncetrackingprotection/BounceTrackingProtectionStorage.cpp","lineNumber":438,"stack":""},{"name":"Places Connection shutdown","state":{"PlacesShutdownProgress":5},"filename":"/builds/worker/checkouts/gecko/toolkit/components/places/Database.cpp","lineNumber":503,"stack":""},{"name":"Sqlite.sys.mjs shutdown blocker","state":{"description":"Waiting for the barrier to be lifted","state":[{"name":"Closing ContentPrefService2 connection.","state":"(none)","filename":"resource://gre/modules/ContentPrefService2.sys.mjs","lineNumber":1220,"stack":["resource://gre/modules/ContentPrefService2.sys.mjs:_getConnection:1220"]}]},"filename":"resource://gre/modules/Sqlite.sys.mjs","lineNumber":236,"stack":["resource://gre/modules/Sqlite.sys.mjs:null:236","resource://gre/modules/Sqlite.sys.mjs:ConnectionData:401","resource://gre/modules/Sqlite.sys.mjs:OpenedConnection:1646","resource://gre/modules/Sqlite.sys.mjs:openConnection/</<:1429"]},{"name":"TrackingDBService: Shutting down the content blocking database.","state":"(none)","filename":"resource://gre/modules/TrackingDBService.sys.mjs","lineNumber":160,"stack":["resource://gre/modules/TrackingDBService.sys.mjs:_initialize:160"]}] Barrier: profile-before-change
1723273433785	geckodriver	INFO	Listening on 127.0.0.1:57100
1723273436748	mozrunner::runner	INFO	Running command: "C:\\Program Files\\Mozilla Firefox\\firefox.exe" "--marionette" "--window-size=1900,1980" "--disable-web-se ... 1" "--remote-allow-hosts" "localhost" "-no-remote" "-profile" "C:\\Users\\osori\\AppData\\Local\\Temp\\rust_mozprofileORvkVU"
console.warn: services.settings: Ignoring preference override of remote settings server
console.warn: services.settings: Allow by setting MOZ_REMOTE_SETTINGS_DEVTOOLS=1 in the environment
Dynamically enable window occlusion 0
1723273441277	Marionette	INFO	Marionette enabled
console.error: "Warning: unrecognized command line flag" "-window-size"
console.error: "Warning: unrecognized command line flag" "-disable-web-security"
console.error: "Warning: unrecognized command line flag" "-disable-notifications"
console.error: "Warning: unrecognized command line flag" "-no-sandbox"
console.error: "Warning: unrecognized command line flag" "-no-default-browser-check"
console.error: "Warning: unrecognized command line flag" "-no-proxy-server"
1723273441420	Marionette	INFO	Listening on port 57119
WebDriver BiDi listening on ws://127.0.0.1:57101
Read port: 57119
1723273441633	RemoteAgent	WARN	TLS certificate errors will be ignored for this session
1723273472471	addons.xpi	ERROR	System addon update list error SyntaxError: XMLHttpRequest.open: 'http://%(server)s/dummy-system-addons.xml' is not a valid URL.
console.warn: LoginRecipes: "Falling back to a synchronous message for: https://login.microsoftonline.com."
console.warn: LoginRecipes: "Falling back to a synchronous message for: https://login.microsoftonline.com."
console.warn: LoginRecipes: "Falling back to a synchronous message for: https://login.live.com."
console.warn: LoginRecipes: "Falling back to a synchronous message for: https://login.live.com."
JavaScript warning: https://logincdn.msftauth.net/shared/5/chunks/oneds-analytics-js_efec60deb08866930a01_es.js, line 2: Script terminated by timeout at:
41696/n/</n.setUnloading@https://logincdn.msftauth.net/shared/5/chunks/oneds-analytics-js_efec60deb08866930a01_es.js:2:78000
r@https://logincdn.msftauth.net/shared/5/chunks/oneds-analytics-js_efec60deb08866930a01_es.js:2:78898

console.warn: LoginRecipes: "Falling back to a synchronous message for: https://serviciosgeovisor.igac.gov.co:8080."
console.warn: LoginRecipes: "Falling back to a synchronous message for: https://serviciosgeovisor.igac.gov.co:8080."
console.warn: WindowsJumpLists: "Failed to fetch favicon for " "https://serviciosgeovisor.igac.gov.co:8080/Geovisor/descargas?cmd=download&token=eyJhbGciOiJIUzUxMiJ9.eyJzdWIiOiIxMzk1NTUiLCJleHAiOjE3MjMzNTk4OTYsImp0aSI6ImRvY3VtZW50by0yMzI0In0.dZDQJKT0pWdxgwa-iD7B3w0paie5bjRz_lHcQ2lmfdYvvnJTpg-3LW56FMu-d-t5qimdBkO9pLHcJDHHtNP0sw" ({})
console.warn: WindowsJumpLists: "Failed to fetch favicon for " "https://serviciosgeovisor.igac.gov.co:8080/Geovisor/descargas?cmd=download&token=eyJhbGciOiJIUzUxMiJ9.eyJzdWIiOiIxMzk1NTUiLCJleHAiOjE3MjMzNTk4ODksImp0aSI6ImRvY3VtZW50by0yMzIxIn0.z4PvWRQ_XFRk-il-jiCUNZCj161n1vI1On6dej8O6NQNsJ0EiHjjA04Zr0lsGXB9AGVxE_uO9KqPZ_AMc5kI9A" ({})
console.warn: WindowsJumpLists: "Failed to fetch favicon for " "https://geovisor-igac.firebaseapp.com/__/auth/handler?code=M.C551_BL2.2.U.c0af993f-fe7d-6673-1058-246856ad0b5c&state=AMbdmDl0P3OvX5TryUElUdy_VLqvAChNfW4rJptOPl9-XKb_y9wftPxVpYfDnuigpG3EKKBNLEc536YE03F7cN-hz4LDl8iJjnFchBWnPrzC92Yoy7lkbpXWbgPbF3vWxbRzbutroEY3o8Kt0uSkX0DLzRj9CeeIs_dgS3-DdXnu0Ou3w3JCXgWw6LhYDHSomZtuSdvKomgGB0g5uNqE-HZ39guapN6sJu2r_u9Gg_1FwY8-dd8euxBNkHlk3SIGwMvF_E-k50yvyKc-hoFuLTjm6QieyXSSss538c0JQRfrj4Gvh6rNCgmLJpmbdk4AaGgixN4D7Mcc8TeUuIr3pCM6RpIMdvYmsA" ({})
console.warn: WindowsJumpLists: "Failed to fetch favicon for " "https://geovisor-igac.firebaseapp.com/__/auth/handler?apiKey=AIzaSyCLSp_Qbaohj8owxrpZxvrmxUSkVw0ukig&appName=%5BDEFAULT%5D-firebaseui-temp&authType=signInViaPopup&providerId=microsoft.com&eventId=724822038&v=7.4.0&fw=FirebaseUI-web" ({})
console.warn: WindowsJumpLists: "Failed to fetch favicon for " "https://serviciosgeovisor.igac.gov.co:8080/Geovisor/descargas?cmd=download&token=eyJhbGciOiJIUzUxMiJ9.eyJzdWIiOiIxMzk1NTUiLCJleHAiOjE3MjMzNTk4OTYsImp0aSI6ImRvY3VtZW50by0yMzI0In0.dZDQJKT0pWdxgwa-iD7B3w0paie5bjRz_lHcQ2lmfdYvvnJTpg-3LW56FMu-d-t5qimdBkO9pLHcJDHHtNP0sw" ({})
console.warn: WindowsJumpLists: "Failed to fetch favicon for " "https://serviciosgeovisor.igac.gov.co:8080/Geovisor/descargas?cmd=download&token=eyJhbGciOiJIUzUxMiJ9.eyJzdWIiOiIxMzk1NTUiLCJleHAiOjE3MjMzNTk4ODksImp0aSI6ImRvY3VtZW50by0yMzIxIn0.z4PvWRQ_XFRk-il-jiCUNZCj161n1vI1On6dej8O6NQNsJ0EiHjjA04Zr0lsGXB9AGVxE_uO9KqPZ_AMc5kI9A" ({})
console.warn: WindowsJumpLists: "Failed to fetch favicon for " "https://geovisor-igac.firebaseapp.com/__/auth/handler?code=M.C551_BL2.2.U.c0af993f-fe7d-6673-1058-246856ad0b5c&state=AMbdmDl0P3OvX5TryUElUdy_VLqvAChNfW4rJptOPl9-XKb_y9wftPxVpYfDnuigpG3EKKBNLEc536YE03F7cN-hz4LDl8iJjnFchBWnPrzC92Yoy7lkbpXWbgPbF3vWxbRzbutroEY3o8Kt0uSkX0DLzRj9CeeIs_dgS3-DdXnu0Ou3w3JCXgWw6LhYDHSomZtuSdvKomgGB0g5uNqE-HZ39guapN6sJu2r_u9Gg_1FwY8-dd8euxBNkHlk3SIGwMvF_E-k50yvyKc-hoFuLTjm6QieyXSSss538c0JQRfrj4Gvh6rNCgmLJpmbdk4AaGgixN4D7Mcc8TeUuIr3pCM6RpIMdvYmsA" ({})
console.warn: WindowsJumpLists: "Failed to fetch favicon for " "https://geovisor-igac.firebaseapp.com/__/auth/handler?apiKey=AIzaSyCLSp_Qbaohj8owxrpZxvrmxUSkVw0ukig&appName=%5BDEFAULT%5D-firebaseui-temp&authType=signInViaPopup&providerId=microsoft.com&eventId=724822038&v=7.4.0&fw=FirebaseUI-web" ({})
console.warn: WindowsJumpLists: "Failed to fetch favicon for " "https://serviciosgeovisor.igac.gov.co:8080/Geovisor/descargas?cmd=download&token=eyJhbGciOiJIUzUxMiJ9.eyJzdWIiOiIxMzk1NTUiLCJleHAiOjE3MjMzNTk4OTYsImp0aSI6ImRvY3VtZW50by0yMzI0In0.dZDQJKT0pWdxgwa-iD7B3w0paie5bjRz_lHcQ2lmfdYvvnJTpg-3LW56FMu-d-t5qimdBkO9pLHcJDHHtNP0sw" ({})
console.warn: WindowsJumpLists: "Failed to fetch favicon for " "https://serviciosgeovisor.igac.gov.co:8080/Geovisor/descargas?cmd=download&token=eyJhbGciOiJIUzUxMiJ9.eyJzdWIiOiIxMzk1NTUiLCJleHAiOjE3MjMzNTk4ODksImp0aSI6ImRvY3VtZW50by0yMzIxIn0.z4PvWRQ_XFRk-il-jiCUNZCj161n1vI1On6dej8O6NQNsJ0EiHjjA04Zr0lsGXB9AGVxE_uO9KqPZ_AMc5kI9A" ({})
console.warn: WindowsJumpLists: "Failed to fetch favicon for " "https://geovisor-igac.firebaseapp.com/__/auth/handler?code=M.C551_BL2.2.U.c0af993f-fe7d-6673-1058-246856ad0b5c&state=AMbdmDl0P3OvX5TryUElUdy_VLqvAChNfW4rJptOPl9-XKb_y9wftPxVpYfDnuigpG3EKKBNLEc536YE03F7cN-hz4LDl8iJjnFchBWnPrzC92Yoy7lkbpXWbgPbF3vWxbRzbutroEY3o8Kt0uSkX0DLzRj9CeeIs_dgS3-DdXnu0Ou3w3JCXgWw6LhYDHSomZtuSdvKomgGB0g5uNqE-HZ39guapN6sJu2r_u9Gg_1FwY8-dd8euxBNkHlk3SIGwMvF_E-k50yvyKc-hoFuLTjm6QieyXSSss538c0JQRfrj4Gvh6rNCgmLJpmbdk4AaGgixN4D7Mcc8TeUuIr3pCM6RpIMdvYmsA" ({})
console.warn: WindowsJumpLists: "Failed to fetch favicon for " "https://geovisor-igac.firebaseapp.com/__/auth/handler?apiKey=AIzaSyCLSp_Qbaohj8owxrpZxvrmxUSkVw0ukig&appName=%5BDEFAULT%5D-firebaseui-temp&authType=signInViaPopup&providerId=microsoft.com&eventId=724822038&v=7.4.0&fw=FirebaseUI-web" ({})
console.warn: WindowsJumpLists: "Failed to fetch favicon for " "https://serviciosgeovisor.igac.gov.co:8080/Geovisor/descargas?cmd=download&token=eyJhbGciOiJIUzUxMiJ9.eyJzdWIiOiIxMzk1NTUiLCJleHAiOjE3MjMzNTk4OTYsImp0aSI6ImRvY3VtZW50by0yMzI0In0.dZDQJKT0pWdxgwa-iD7B3w0paie5bjRz_lHcQ2lmfdYvvnJTpg-3LW56FMu-d-t5qimdBkO9pLHcJDHHtNP0sw" ({})
console.warn: WindowsJumpLists: "Failed to fetch favicon for " "https://serviciosgeovisor.igac.gov.co:8080/Geovisor/descargas?cmd=download&token=eyJhbGciOiJIUzUxMiJ9.eyJzdWIiOiIxMzk1NTUiLCJleHAiOjE3MjMzNTk4ODksImp0aSI6ImRvY3VtZW50by0yMzIxIn0.z4PvWRQ_XFRk-il-jiCUNZCj161n1vI1On6dej8O6NQNsJ0EiHjjA04Zr0lsGXB9AGVxE_uO9KqPZ_AMc5kI9A" ({})
console.warn: WindowsJumpLists: "Failed to fetch favicon for " "https://geovisor-igac.firebaseapp.com/__/auth/handler?code=M.C551_BL2.2.U.c0af993f-fe7d-6673-1058-246856ad0b5c&state=AMbdmDl0P3OvX5TryUElUdy_VLqvAChNfW4rJptOPl9-XKb_y9wftPxVpYfDnuigpG3EKKBNLEc536YE03F7cN-hz4LDl8iJjnFchBWnPrzC92Yoy7lkbpXWbgPbF3vWxbRzbutroEY3o8Kt0uSkX0DLzRj9CeeIs_dgS3-DdXnu0Ou3w3JCXgWw6LhYDHSomZtuSdvKomgGB0g5uNqE-HZ39guapN6sJu2r_u9Gg_1FwY8-dd8euxBNkHlk3SIGwMvF_E-k50yvyKc-hoFuLTjm6QieyXSSss538c0JQRfrj4Gvh6rNCgmLJpmbdk4AaGgixN4D7Mcc8TeUuIr3pCM6RpIMdvYmsA" ({})
console.warn: WindowsJumpLists: "Failed to fetch favicon for " "https://geovisor-igac.firebaseapp.com/__/auth/handler?apiKey=AIzaSyCLSp_Qbaohj8owxrpZxvrmxUSkVw0ukig&appName=%5BDEFAULT%5D-firebaseui-temp&authType=signInViaPopup&providerId=microsoft.com&eventId=724822038&v=7.4.0&fw=FirebaseUI-web" ({})
JavaScript warning: resource://pdf.js/web/viewer.mjs, line 4366: Script terminated by timeout at:
#updateInternalState@resource://pdf.js/web/viewer.mjs:4366:3
#pushOrReplaceState@resource://pdf.js/web/viewer.mjs:4280:30
#tryPushCurrentPosition@resource://pdf.js/web/viewer.mjs:4308:31
#pageHide@resource://pdf.js/web/viewer.mjs:4461:35

JavaScript warning: https://www.googletagmanager.com/gtag/js?id=G-78PPLF47WW, line 574: Script terminated by timeout at:
ba.Bh@https://www.googletagmanager.com/gtag/js?id=G-78PPLF47WW:574:30
get@https://www.googletagmanager.com/gtag/js?id=G-78PPLF47WW:572:119
stop@https://www.googletagmanager.com/gtag/js?id=G-78PPLF47WW:572:87
ba.Vk/c/<@https://www.googletagmanager.com/gtag/js?id=G-78PPLF47WW:572:412

1723274043504	Marionette	INFO	Stopped listening on port 57119
Dynamically enable window occlusion 1
